{"/home/travis/build/npmtest/node-npmtest-cash/test.js":{"path":"/home/travis/build/npmtest/node-npmtest-cash/test.js","s":{"1":2,"2":2,"3":2,"4":2,"5":2,"6":2,"7":2,"8":1,"9":2,"10":2,"11":1,"12":1,"13":1,"14":1,"15":2,"16":2,"17":2,"18":2,"19":1,"20":1,"21":2,"22":2,"23":2,"24":1,"25":1,"26":1,"27":1,"28":1,"29":1,"30":1,"31":1,"32":1,"33":1,"34":1,"35":1,"36":1,"37":2,"38":2,"39":1,"40":2,"41":2,"42":1,"43":2,"44":2,"45":1,"46":2,"47":2,"48":1,"49":1,"50":1,"51":1,"52":1},"b":{"1":[2,1,1,1],"2":[1,1,1,1],"3":[1,1],"4":[1,1],"5":[1,1],"6":[1,1],"7":[1,1],"8":[1,1],"9":[1,1,1],"10":[1,1],"11":[1,1],"12":[1,1],"13":[1,1],"14":[1,1],"15":[1,1],"16":[1,1]},"f":{"1":2,"2":2,"3":2,"4":2,"5":2,"6":1,"7":1,"8":2,"9":2,"10":2,"11":2,"12":1},"fnMap":{"1":{"name":"(anonymous_1)","line":12,"loc":{"start":{"line":12,"column":1},"end":{"line":12,"column":13}}},"2":{"name":"(anonymous_2)","line":19,"loc":{"start":{"line":19,"column":5},"end":{"line":19,"column":17}}},"3":{"name":"(anonymous_3)","line":23,"loc":{"start":{"line":23,"column":24},"end":{"line":23,"column":36}}},"4":{"name":"(anonymous_4)","line":61,"loc":{"start":{"line":61,"column":5},"end":{"line":61,"column":17}}},"5":{"name":"(anonymous_5)","line":82,"loc":{"start":{"line":82,"column":5},"end":{"line":82,"column":17}}},"6":{"name":"(anonymous_6)","line":102,"loc":{"start":{"line":102,"column":83},"end":{"line":105,"column":10}},"skip":true},"7":{"name":"(anonymous_7)","line":113,"loc":{"start":{"line":113,"column":77},"end":{"line":116,"column":10}},"skip":true},"8":{"name":"(anonymous_8)","line":129,"loc":{"start":{"line":129,"column":12},"end":{"line":129,"column":40}},"skip":true},"9":{"name":"(anonymous_9)","line":137,"loc":{"start":{"line":137,"column":77},"end":{"line":140,"column":10}},"skip":true},"10":{"name":"(anonymous_10)","line":148,"loc":{"start":{"line":148,"column":83},"end":{"line":151,"column":10}},"skip":true},"11":{"name":"(anonymous_11)","line":159,"loc":{"start":{"line":159,"column":79},"end":{"line":162,"column":10}},"skip":true},"12":{"name":"(anonymous_12)","line":170,"loc":{"start":{"line":170,"column":75},"end":{"line":173,"column":10}},"skip":true}},"statementMap":{"1":{"start":{"line":12,"column":0},"end":{"line":185,"column":5}},"2":{"start":{"line":14,"column":4},"end":{"line":14,"column":14}},"3":{"start":{"line":19,"column":4},"end":{"line":56,"column":9}},"4":{"start":{"line":21,"column":8},"end":{"line":21,"column":19}},"5":{"start":{"line":23,"column":8},"end":{"line":35,"column":13}},"6":{"start":{"line":24,"column":12},"end":{"line":34,"column":13}},"7":{"start":{"line":25,"column":16},"end":{"line":28,"column":30}},"8":{"start":{"line":30,"column":16},"end":{"line":33,"column":27}},"9":{"start":{"line":37,"column":8},"end":{"line":39,"column":21}},"10":{"start":{"line":40,"column":8},"end":{"line":53,"column":9}},"11":{"start":{"line":43,"column":12},"end":{"line":46,"column":14}},"12":{"start":{"line":47,"column":12},"end":{"line":47,"column":18}},"13":{"start":{"line":50,"column":12},"end":{"line":51,"column":46}},"14":{"start":{"line":52,"column":12},"end":{"line":52,"column":18}},"15":{"start":{"line":55,"column":8},"end":{"line":55,"column":35}},"16":{"start":{"line":61,"column":4},"end":{"line":63,"column":9}},"17":{"start":{"line":62,"column":8},"end":{"line":62,"column":15}},"18":{"start":{"line":64,"column":4},"end":{"line":77,"column":5}},"19":{"start":{"line":70,"column":8},"end":{"line":70,"column":14}},"20":{"start":{"line":76,"column":8},"end":{"line":76,"column":14}},"21":{"start":{"line":82,"column":4},"end":{"line":84,"column":9}},"22":{"start":{"line":83,"column":8},"end":{"line":83,"column":15}},"23":{"start":{"line":85,"column":4},"end":{"line":184,"column":5}},"24":{"start":{"line":92,"column":8},"end":{"line":94,"column":63}},"25":{"start":{"line":95,"column":8},"end":{"line":95,"column":14}},"26":{"start":{"line":102,"column":8},"end":{"line":111,"column":10},"skip":true},"27":{"start":{"line":109,"column":12},"end":{"line":109,"column":55},"skip":true},"28":{"start":{"line":110,"column":12},"end":{"line":110,"column":48},"skip":true},"29":{"start":{"line":113,"column":8},"end":{"line":126,"column":10},"skip":true},"30":{"start":{"line":120,"column":12},"end":{"line":120,"column":76},"skip":true},"31":{"start":{"line":121,"column":12},"end":{"line":121,"column":73},"skip":true},"32":{"start":{"line":122,"column":12},"end":{"line":122,"column":74},"skip":true},"33":{"start":{"line":123,"column":12},"end":{"line":123,"column":79},"skip":true},"34":{"start":{"line":124,"column":12},"end":{"line":124,"column":25},"skip":true},"35":{"start":{"line":125,"column":12},"end":{"line":125,"column":45},"skip":true},"36":{"start":{"line":128,"column":8},"end":{"line":135,"column":14},"skip":true},"37":{"start":{"line":133,"column":16},"end":{"line":133,"column":29},"skip":true},"38":{"start":{"line":134,"column":16},"end":{"line":134,"column":55},"skip":true},"39":{"start":{"line":137,"column":8},"end":{"line":146,"column":10},"skip":true},"40":{"start":{"line":144,"column":12},"end":{"line":144,"column":25},"skip":true},"41":{"start":{"line":145,"column":12},"end":{"line":145,"column":45},"skip":true},"42":{"start":{"line":148,"column":8},"end":{"line":157,"column":10},"skip":true},"43":{"start":{"line":155,"column":12},"end":{"line":155,"column":25},"skip":true},"44":{"start":{"line":156,"column":12},"end":{"line":156,"column":48},"skip":true},"45":{"start":{"line":159,"column":8},"end":{"line":168,"column":10},"skip":true},"46":{"start":{"line":166,"column":12},"end":{"line":166,"column":25},"skip":true},"47":{"start":{"line":167,"column":12},"end":{"line":167,"column":46},"skip":true},"48":{"start":{"line":170,"column":8},"end":{"line":179,"column":10},"skip":true},"49":{"start":{"line":177,"column":12},"end":{"line":177,"column":94},"skip":true},"50":{"start":{"line":178,"column":12},"end":{"line":178,"column":48},"skip":true},"51":{"start":{"line":182,"column":8},"end":{"line":182,"column":35},"skip":true},"52":{"start":{"line":183,"column":8},"end":{"line":183,"column":14},"skip":true}},"branchMap":{"1":{"line":25,"type":"binary-expr","locations":[{"start":{"line":25,"column":23},"end":{"line":25,"column":62}},{"start":{"line":26,"column":20},"end":{"line":26,"column":70}},{"start":{"line":27,"column":20},"end":{"line":27,"column":71}},{"start":{"line":28,"column":20},"end":{"line":28,"column":29}}]},"2":{"line":30,"type":"binary-expr","locations":[{"start":{"line":30,"column":23},"end":{"line":30,"column":37}},{"start":{"line":31,"column":20},"end":{"line":31,"column":61}},{"start":{"line":32,"column":20},"end":{"line":32,"column":70}},{"start":{"line":33,"column":20},"end":{"line":33,"column":26}}]},"3":{"line":37,"type":"cond-expr","locations":[{"start":{"line":38,"column":14},"end":{"line":38,"column":20}},{"start":{"line":39,"column":14},"end":{"line":39,"column":20}}]},"4":{"line":40,"type":"switch","locations":[{"start":{"line":42,"column":8},"end":{"line":47,"column":18}},{"start":{"line":49,"column":8},"end":{"line":52,"column":18}}]},"5":{"line":44,"type":"binary-expr","locations":[{"start":{"line":44,"column":16},"end":{"line":44,"column":44}},{"start":{"line":44,"column":48},"end":{"line":44,"column":66}}]},"6":{"line":50,"type":"binary-expr","locations":[{"start":{"line":50,"column":21},"end":{"line":50,"column":49}},{"start":{"line":50,"column":53},"end":{"line":50,"column":72}}]},"7":{"line":64,"type":"switch","locations":[{"start":{"line":69,"column":4},"end":{"line":70,"column":14}},{"start":{"line":75,"column":4},"end":{"line":76,"column":14}}]},"8":{"line":85,"type":"switch","locations":[{"start":{"line":90,"column":4},"end":{"line":95,"column":14}},{"start":{"line":101,"column":4},"end":{"line":183,"column":14},"skip":true}]},"9":{"line":92,"type":"binary-expr","locations":[{"start":{"line":92,"column":18},"end":{"line":92,"column":32}},{"start":{"line":93,"column":12},"end":{"line":93,"column":53}},{"start":{"line":94,"column":12},"end":{"line":94,"column":61}}]},"10":{"line":102,"type":"binary-expr","locations":[{"start":{"line":102,"column":45},"end":{"line":102,"column":79},"skip":true},{"start":{"line":102,"column":83},"end":{"line":111,"column":9},"skip":true}]},"11":{"line":113,"type":"binary-expr","locations":[{"start":{"line":113,"column":42},"end":{"line":113,"column":73},"skip":true},{"start":{"line":113,"column":77},"end":{"line":126,"column":9},"skip":true}]},"12":{"line":128,"type":"binary-expr","locations":[{"start":{"line":128,"column":48},"end":{"line":128,"column":85},"skip":true},{"start":{"line":129,"column":12},"end":{"line":135,"column":13},"skip":true}]},"13":{"line":137,"type":"binary-expr","locations":[{"start":{"line":137,"column":42},"end":{"line":137,"column":73},"skip":true},{"start":{"line":137,"column":77},"end":{"line":146,"column":9},"skip":true}]},"14":{"line":148,"type":"binary-expr","locations":[{"start":{"line":148,"column":45},"end":{"line":148,"column":79},"skip":true},{"start":{"line":148,"column":83},"end":{"line":157,"column":9},"skip":true}]},"15":{"line":159,"type":"binary-expr","locations":[{"start":{"line":159,"column":43},"end":{"line":159,"column":75},"skip":true},{"start":{"line":159,"column":79},"end":{"line":168,"column":9},"skip":true}]},"16":{"line":170,"type":"binary-expr","locations":[{"start":{"line":170,"column":41},"end":{"line":170,"column":71},"skip":true},{"start":{"line":170,"column":75},"end":{"line":179,"column":9},"skip":true}]}},"code":["/* istanbul instrument in package npmtest_cash */","/*jslint","    bitwise: true,","    browser: true,","    maxerr: 8,","    maxlen: 96,","    node: true,","    nomen: true,","    regexp: true,","    stupid: true","*/","(function () {","    'use strict';","    var local;","","","","    // run shared js-env code - pre-init","    (function () {","        // init local","        local = {};","        // init modeJs","        local.modeJs = (function () {","            try {","                return typeof navigator.userAgent === 'string' &&","                    typeof document.querySelector('body') === 'object' &&","                    typeof XMLHttpRequest.prototype.open === 'function' &&","                    'browser';","            } catch (errorCaughtBrowser) {","                return module.exports &&","                    typeof process.versions.node === 'string' &&","                    typeof require('http').createServer === 'function' &&","                    'node';","            }","        }());","        // init global","        local.global = local.modeJs === 'browser'","            ? window","            : global;","        switch (local.modeJs) {","        // re-init local from window.local","        case 'browser':","            local = local.global.utility2.objectSetDefault(","                local.global.utility2_rollup || local.global.local,","                local.global.utility2","            );","            break;","        // re-init local from example.js","        case 'node':","            local = (local.global.utility2_rollup || require('utility2'))","                .requireExampleJsFromReadme();","            break;","        }","        // export local","        local.global.local = local;","    }());","","","","    // run shared js-env code - function","    (function () {","        return;","    }());","    switch (local.modeJs) {","","","","    // run browser js-env code - function","    case 'browser':","        break;","","","","    // run node js-env code - function","    case 'node':","        break;","    }","","","","    // run shared js-env code - post-init","    (function () {","        return;","    }());","    switch (local.modeJs) {","","","","    // run browser js-env code - post-init","    case 'browser':","        // run tests","        local.nop(local.modeTest &&","            document.querySelector('#testRunButton1') &&","            document.querySelector('#testRunButton1').click());","        break;","","","","    // run node js-env code - post-init","    /* istanbul ignore next */","    case 'node':","        local.testCase_buildApidoc_default = local.testCase_buildApidoc_default || function (","            options,","            onError","        ) {","        /*","         * this function will test buildApidoc's default handling-behavior-behavior","         */","            options = { modulePathList: module.paths };","            local.buildApidoc(options, onError);","        };","","        local.testCase_buildApp_default = local.testCase_buildApp_default || function (","            options,","            onError","        ) {","        /*","         * this function will test buildApp's default handling-behavior-behavior","         */","            local.testCase_buildReadme_default(options, local.onErrorThrow);","            local.testCase_buildLib_default(options, local.onErrorThrow);","            local.testCase_buildTest_default(options, local.onErrorThrow);","            local.testCase_buildCustomOrg_default(options, local.onErrorThrow);","            options = [];","            local.buildApp(options, onError);","        };","","        local.testCase_buildCustomOrg_default = local.testCase_buildCustomOrg_default ||","            function (options, onError) {","            /*","             * this function will test buildCustomOrg's default handling-behavior","             */","                options = {};","                local.buildCustomOrg(options, onError);","            };","","        local.testCase_buildLib_default = local.testCase_buildLib_default || function (","            options,","            onError","        ) {","        /*","         * this function will test buildLib's default handling-behavior","         */","            options = {};","            local.buildLib(options, onError);","        };","","        local.testCase_buildReadme_default = local.testCase_buildReadme_default || function (","            options,","            onError","        ) {","        /*","         * this function will test buildReadme's default handling-behavior-behavior","         */","            options = {};","            local.buildReadme(options, onError);","        };","","        local.testCase_buildTest_default = local.testCase_buildTest_default || function (","            options,","            onError","        ) {","        /*","         * this function will test buildTest's default handling-behavior","         */","            options = {};","            local.buildTest(options, onError);","        };","","        local.testCase_webpage_default = local.testCase_webpage_default || function (","            options,","            onError","        ) {","        /*","         * this function will test webpage's default handling-behavior","         */","            options = { modeCoverageMerge: true, url: local.serverLocalHost + '?modeTest=1' };","            local.browserTest(options, onError);","        };","","        // run test-server","        local.testRunServer(local);","        break;","    }","}());",""],"l":{"12":2,"14":2,"19":2,"21":2,"23":2,"24":2,"25":2,"30":1,"37":2,"40":2,"43":1,"47":1,"50":1,"52":1,"55":2,"61":2,"62":2,"64":2,"70":1,"76":1,"82":2,"83":2,"85":2,"92":1,"95":1,"102":1,"109":1,"110":1,"113":1,"120":1,"121":1,"122":1,"123":1,"124":1,"125":1,"128":1,"133":2,"134":2,"137":1,"144":2,"145":2,"148":1,"155":2,"156":2,"159":1,"166":2,"167":2,"170":1,"177":1,"178":1,"182":1,"183":1}},"/home/travis/build/npmtest/node-npmtest-cash/lib.npmtest_cash.js":{"path":"/home/travis/build/npmtest/node-npmtest-cash/lib.npmtest_cash.js","s":{"1":2,"2":2,"3":2,"4":2,"5":2,"6":2,"7":2,"8":1,"9":2,"10":2,"11":2,"12":2,"13":1,"14":1,"15":1,"16":1},"b":{"1":[2,1,1,1],"2":[1,1,1,1],"3":[1,1],"4":[2,2],"5":[1,1]},"f":{"1":2,"2":2,"3":2},"fnMap":{"1":{"name":"(anonymous_1)","line":12,"loc":{"start":{"line":12,"column":1},"end":{"line":12,"column":13}}},"2":{"name":"(anonymous_2)","line":19,"loc":{"start":{"line":19,"column":5},"end":{"line":19,"column":17}}},"3":{"name":"(anonymous_3)","line":23,"loc":{"start":{"line":23,"column":24},"end":{"line":23,"column":36}}}},"statementMap":{"1":{"start":{"line":12,"column":0},"end":{"line":53,"column":5}},"2":{"start":{"line":14,"column":4},"end":{"line":14,"column":14}},"3":{"start":{"line":19,"column":4},"end":{"line":52,"column":9}},"4":{"start":{"line":21,"column":8},"end":{"line":21,"column":19}},"5":{"start":{"line":23,"column":8},"end":{"line":35,"column":13}},"6":{"start":{"line":24,"column":12},"end":{"line":34,"column":13}},"7":{"start":{"line":25,"column":16},"end":{"line":28,"column":30}},"8":{"start":{"line":30,"column":16},"end":{"line":33,"column":27}},"9":{"start":{"line":37,"column":8},"end":{"line":39,"column":21}},"10":{"start":{"line":41,"column":8},"end":{"line":41,"column":54}},"11":{"start":{"line":43,"column":8},"end":{"line":43,"column":49}},"12":{"start":{"line":45,"column":8},"end":{"line":51,"column":9}},"13":{"start":{"line":46,"column":12},"end":{"line":46,"column":55}},"14":{"start":{"line":48,"column":12},"end":{"line":48,"column":35}},"15":{"start":{"line":49,"column":12},"end":{"line":49,"column":49}},"16":{"start":{"line":50,"column":12},"end":{"line":50,"column":43}}},"branchMap":{"1":{"line":25,"type":"binary-expr","locations":[{"start":{"line":25,"column":23},"end":{"line":25,"column":62}},{"start":{"line":26,"column":20},"end":{"line":26,"column":70}},{"start":{"line":27,"column":20},"end":{"line":27,"column":71}},{"start":{"line":28,"column":20},"end":{"line":28,"column":29}}]},"2":{"line":30,"type":"binary-expr","locations":[{"start":{"line":30,"column":23},"end":{"line":30,"column":37}},{"start":{"line":31,"column":20},"end":{"line":31,"column":61}},{"start":{"line":32,"column":20},"end":{"line":32,"column":70}},{"start":{"line":33,"column":20},"end":{"line":33,"column":26}}]},"3":{"line":37,"type":"cond-expr","locations":[{"start":{"line":38,"column":14},"end":{"line":38,"column":20}},{"start":{"line":39,"column":14},"end":{"line":39,"column":20}}]},"4":{"line":41,"type":"binary-expr","locations":[{"start":{"line":41,"column":16},"end":{"line":41,"column":44}},{"start":{"line":41,"column":48},"end":{"line":41,"column":53}}]},"5":{"line":45,"type":"if","locations":[{"start":{"line":45,"column":8},"end":{"line":45,"column":8}},{"start":{"line":45,"column":8},"end":{"line":45,"column":8}}]}},"code":["/* istanbul instrument in package npmtest_cash */","/*jslint","    bitwise: true,","    browser: true,","    maxerr: 8,","    maxlen: 96,","    node: true,","    nomen: true,","    regexp: true,","    stupid: true","*/","(function () {","    'use strict';","    var local;","","","","    // run shared js-env code - pre-init","    (function () {","        // init local","        local = {};","        // init modeJs","        local.modeJs = (function () {","            try {","                return typeof navigator.userAgent === 'string' &&","                    typeof document.querySelector('body') === 'object' &&","                    typeof XMLHttpRequest.prototype.open === 'function' &&","                    'browser';","            } catch (errorCaughtBrowser) {","                return module.exports &&","                    typeof process.versions.node === 'string' &&","                    typeof require('http').createServer === 'function' &&","                    'node';","            }","        }());","        // init global","        local.global = local.modeJs === 'browser'","            ? window","            : global;","        // init utility2_rollup","        local = local.global.utility2_rollup || local;","        // init lib","        local.local = local.npmtest_cash = local;","        // init exports","        if (local.modeJs === 'browser') {","            local.global.utility2_npmtest_cash = local;","        } else {","            module.exports = local;","            module.exports.__dirname = __dirname;","            module.exports.module = module;","        }","    }());","}());",""],"l":{"12":2,"14":2,"19":2,"21":2,"23":2,"24":2,"25":2,"30":1,"37":2,"41":2,"43":2,"45":2,"46":1,"48":1,"49":1,"50":1}},"/home/travis/build/npmtest/node-npmtest-cash/example.js":{"path":"/home/travis/build/npmtest/node-npmtest-cash/example.js","s":{"1":2,"2":2,"3":2,"4":2,"5":2,"6":2,"7":2,"8":1,"9":2,"10":2,"11":2,"12":2,"13":1,"14":2,"15":2,"16":2,"17":2,"18":2,"19":0,"20":2,"21":1,"22":1,"23":1,"24":1,"25":1,"26":0,"27":0,"28":1,"29":1,"30":2,"31":0,"32":0,"33":0,"34":1,"35":2,"36":2,"37":2,"38":2,"39":2,"40":2,"41":0,"42":2,"43":2,"44":2,"45":1,"46":3,"47":1,"48":1,"49":1,"50":1,"51":1,"52":1,"53":1,"54":1,"55":1,"56":1,"57":0,"58":1,"59":6,"60":6,"61":1,"62":2,"63":0,"64":2,"65":1,"66":1,"67":0,"68":0,"69":0,"70":0,"71":0,"72":0,"73":0,"74":0,"75":0,"76":0,"77":0,"78":0,"79":0,"80":0,"81":0,"82":0,"83":0},"b":{"1":[2,1,1,1],"2":[1,1,1,1],"3":[1,1],"4":[2,2],"5":[1,1],"6":[1,1],"7":[2,0],"8":[2,1,1,1,1,1],"9":[0,2,0],"10":[1,1],"11":[2,1,1],"12":[1,0],"13":[0,2],"14":[2,0,0,0,0,0,0],"15":[0,2],"16":[2,0],"17":[1,1],"18":[0,1],"19":[1,2,0,2],"20":[1,0],"21":[1,1],"22":[0,0],"23":[0,0],"24":[0,0],"25":[0,0],"26":[0,0],"27":[0,0],"28":[0,0]},"f":{"1":2,"2":2,"3":2,"4":2,"5":2,"6":2,"7":2,"8":2,"9":3,"10":1,"11":6,"12":0},"fnMap":{"1":{"name":"(anonymous_1)","line":26,"loc":{"start":{"line":26,"column":1},"end":{"line":26,"column":13}}},"2":{"name":"(anonymous_2)","line":33,"loc":{"start":{"line":33,"column":5},"end":{"line":33,"column":17}}},"3":{"name":"(anonymous_3)","line":37,"loc":{"start":{"line":37,"column":24},"end":{"line":37,"column":36}}},"4":{"name":"(anonymous_4)","line":69,"loc":{"start":{"line":69,"column":31},"end":{"line":69,"column":48}},"skip":true},"5":{"name":"(anonymous_5)","line":78,"loc":{"start":{"line":78,"column":26},"end":{"line":78,"column":45}},"skip":true},"6":{"name":"(anonymous_6)","line":123,"loc":{"start":{"line":123,"column":33},"end":{"line":123,"column":48}},"skip":true},"7":{"name":"(anonymous_7)","line":125,"loc":{"start":{"line":125,"column":27},"end":{"line":125,"column":39}},"skip":true},"8":{"name":"(anonymous_8)","line":133,"loc":{"start":{"line":133,"column":59},"end":{"line":133,"column":74}},"skip":true},"9":{"name":"(anonymous_9)","line":143,"loc":{"start":{"line":143,"column":45},"end":{"line":143,"column":62}},"skip":true},"10":{"name":"(anonymous_10)","line":144,"loc":{"start":{"line":144,"column":73},"end":{"line":144,"column":92}},"skip":true},"11":{"name":"(anonymous_11)","line":272,"loc":{"start":{"line":272,"column":51},"end":{"line":272,"column":77}},"skip":true},"12":{"name":"(anonymous_12)","line":314,"loc":{"start":{"line":314,"column":32},"end":{"line":314,"column":61}},"skip":true}},"statementMap":{"1":{"start":{"line":26,"column":0},"end":{"line":325,"column":5}},"2":{"start":{"line":28,"column":4},"end":{"line":28,"column":14}},"3":{"start":{"line":33,"column":4},"end":{"line":60,"column":9}},"4":{"start":{"line":35,"column":8},"end":{"line":35,"column":19}},"5":{"start":{"line":37,"column":8},"end":{"line":49,"column":13}},"6":{"start":{"line":38,"column":12},"end":{"line":48,"column":13}},"7":{"start":{"line":39,"column":16},"end":{"line":42,"column":30}},"8":{"start":{"line":44,"column":16},"end":{"line":47,"column":27}},"9":{"start":{"line":51,"column":8},"end":{"line":53,"column":21}},"10":{"start":{"line":55,"column":8},"end":{"line":57,"column":45}},"11":{"start":{"line":59,"column":8},"end":{"line":59,"column":35}},"12":{"start":{"line":61,"column":4},"end":{"line":324,"column":5}},"13":{"start":{"line":69,"column":8},"end":{"line":121,"column":10},"skip":true},"14":{"start":{"line":70,"column":12},"end":{"line":88,"column":13},"skip":true},"15":{"start":{"line":76,"column":16},"end":{"line":87,"column":19},"skip":true},"16":{"start":{"line":79,"column":20},"end":{"line":86,"column":21},"skip":true},"17":{"start":{"line":82,"column":24},"end":{"line":82,"column":43},"skip":true},"18":{"start":{"line":83,"column":24},"end":{"line":83,"column":30},"skip":true},"19":{"start":{"line":85,"column":24},"end":{"line":85,"column":49},"skip":true},"20":{"start":{"line":89,"column":12},"end":{"line":107,"column":13},"skip":true},"21":{"start":{"line":92,"column":16},"end":{"line":102,"column":17},"skip":true},"22":{"start":{"line":93,"column":20},"end":{"line":93,"column":86},"skip":true},"23":{"start":{"line":94,"column":20},"end":{"line":95,"column":45},"skip":true},"24":{"start":{"line":96,"column":20},"end":{"line":96,"column":42},"skip":true},"25":{"start":{"line":97,"column":20},"end":{"line":97,"column":48},"skip":true},"26":{"start":{"line":100,"column":20},"end":{"line":100,"column":85},"skip":true},"27":{"start":{"line":101,"column":20},"end":{"line":101,"column":96},"skip":true},"28":{"start":{"line":103,"column":16},"end":{"line":103,"column":22},"skip":true},"29":{"start":{"line":106,"column":16},"end":{"line":106,"column":22},"skip":true},"30":{"start":{"line":108,"column":12},"end":{"line":120,"column":13},"skip":true},"31":{"start":{"line":114,"column":16},"end":{"line":119,"column":17},"skip":true},"32":{"start":{"line":116,"column":20},"end":{"line":116,"column":78},"skip":true},"33":{"start":{"line":118,"column":20},"end":{"line":118,"column":47},"skip":true},"34":{"start":{"line":123,"column":8},"end":{"line":141,"column":11},"skip":true},"35":{"start":{"line":124,"column":12},"end":{"line":124,"column":54},"skip":true},"36":{"start":{"line":125,"column":12},"end":{"line":140,"column":14},"skip":true},"37":{"start":{"line":126,"column":16},"end":{"line":126,"column":28},"skip":true},"38":{"start":{"line":127,"column":16},"end":{"line":127,"column":69},"skip":true},"39":{"start":{"line":128,"column":16},"end":{"line":128,"column":75},"skip":true},"40":{"start":{"line":129,"column":16},"end":{"line":131,"column":17},"skip":true},"41":{"start":{"line":130,"column":20},"end":{"line":130,"column":27},"skip":true},"42":{"start":{"line":133,"column":16},"end":{"line":137,"column":36},"skip":true},"43":{"start":{"line":134,"column":20},"end":{"line":136,"column":55},"skip":true},"44":{"start":{"line":139,"column":16},"end":{"line":139,"column":57},"skip":true},"45":{"start":{"line":143,"column":8},"end":{"line":147,"column":11},"skip":true},"46":{"start":{"line":144,"column":12},"end":{"line":146,"column":15},"skip":true},"47":{"start":{"line":145,"column":16},"end":{"line":145,"column":70},"skip":true},"48":{"start":{"line":149,"column":8},"end":{"line":149,"column":31},"skip":true},"49":{"start":{"line":150,"column":8},"end":{"line":150,"column":14},"skip":true},"50":{"start":{"line":158,"column":8},"end":{"line":158,"column":31},"skip":true},"51":{"start":{"line":160,"column":8},"end":{"line":160,"column":33},"skip":true},"52":{"start":{"line":161,"column":8},"end":{"line":161,"column":37},"skip":true},"53":{"start":{"line":162,"column":8},"end":{"line":162,"column":35},"skip":true},"54":{"start":{"line":164,"column":8},"end":{"line":164,"column":50},"skip":true},"55":{"start":{"line":166,"column":8},"end":{"line":256,"column":2},"skip":true},"56":{"start":{"line":258,"column":8},"end":{"line":286,"column":9},"skip":true},"57":{"start":{"line":259,"column":12},"end":{"line":269,"column":14},"skip":true},"58":{"start":{"line":271,"column":12},"end":{"line":285,"column":19},"skip":true},"59":{"start":{"line":274,"column":20},"end":{"line":274,"column":35},"skip":true},"60":{"start":{"line":275,"column":20},"end":{"line":284,"column":21},"skip":true},"61":{"start":{"line":277,"column":24},"end":{"line":277,"column":64},"skip":true},"62":{"start":{"line":279,"column":24},"end":{"line":279,"column":40},"skip":true},"63":{"start":{"line":281,"column":24},"end":{"line":281,"column":40},"skip":true},"64":{"start":{"line":283,"column":24},"end":{"line":283,"column":39},"skip":true},"65":{"start":{"line":288,"column":8},"end":{"line":290,"column":9},"skip":true},"66":{"start":{"line":289,"column":12},"end":{"line":289,"column":18},"skip":true},"67":{"start":{"line":291,"column":8},"end":{"line":293,"column":54},"skip":true},"68":{"start":{"line":294,"column":8},"end":{"line":301,"column":37},"skip":true},"69":{"start":{"line":302,"column":8},"end":{"line":302,"column":82},"skip":true},"70":{"start":{"line":305,"column":8},"end":{"line":307,"column":9},"skip":true},"71":{"start":{"line":306,"column":12},"end":{"line":306,"column":82},"skip":true},"72":{"start":{"line":309,"column":8},"end":{"line":311,"column":9},"skip":true},"73":{"start":{"line":310,"column":12},"end":{"line":310,"column":18},"skip":true},"74":{"start":{"line":312,"column":8},"end":{"line":312,"column":54},"skip":true},"75":{"start":{"line":313,"column":8},"end":{"line":313,"column":69},"skip":true},"76":{"start":{"line":314,"column":8},"end":{"line":322,"column":36},"skip":true},"77":{"start":{"line":315,"column":12},"end":{"line":315,"column":61},"skip":true},"78":{"start":{"line":316,"column":12},"end":{"line":319,"column":13},"skip":true},"79":{"start":{"line":317,"column":16},"end":{"line":317,"column":75},"skip":true},"80":{"start":{"line":318,"column":16},"end":{"line":318,"column":23},"skip":true},"81":{"start":{"line":320,"column":12},"end":{"line":320,"column":38},"skip":true},"82":{"start":{"line":321,"column":12},"end":{"line":321,"column":27},"skip":true},"83":{"start":{"line":323,"column":8},"end":{"line":323,"column":14},"skip":true}},"branchMap":{"1":{"line":39,"type":"binary-expr","locations":[{"start":{"line":39,"column":23},"end":{"line":39,"column":62}},{"start":{"line":40,"column":20},"end":{"line":40,"column":70}},{"start":{"line":41,"column":20},"end":{"line":41,"column":71}},{"start":{"line":42,"column":20},"end":{"line":42,"column":29}}]},"2":{"line":44,"type":"binary-expr","locations":[{"start":{"line":44,"column":23},"end":{"line":44,"column":37}},{"start":{"line":45,"column":20},"end":{"line":45,"column":61}},{"start":{"line":46,"column":20},"end":{"line":46,"column":70}},{"start":{"line":47,"column":20},"end":{"line":47,"column":26}}]},"3":{"line":51,"type":"cond-expr","locations":[{"start":{"line":52,"column":14},"end":{"line":52,"column":20}},{"start":{"line":53,"column":14},"end":{"line":53,"column":20}}]},"4":{"line":55,"type":"binary-expr","locations":[{"start":{"line":55,"column":16},"end":{"line":55,"column":44}},{"start":{"line":55,"column":49},"end":{"line":57,"column":43}}]},"5":{"line":55,"type":"cond-expr","locations":[{"start":{"line":56,"column":14},"end":{"line":56,"column":48}},{"start":{"line":57,"column":14},"end":{"line":57,"column":43}}]},"6":{"line":61,"type":"switch","locations":[{"start":{"line":68,"column":4},"end":{"line":150,"column":14},"skip":true},{"start":{"line":156,"column":4},"end":{"line":323,"column":14},"skip":true}]},"7":{"line":70,"type":"if","locations":[{"start":{"line":70,"column":12},"end":{"line":70,"column":12},"skip":true},{"start":{"line":70,"column":12},"end":{"line":70,"column":12},"skip":true}]},"8":{"line":70,"type":"binary-expr","locations":[{"start":{"line":70,"column":16},"end":{"line":70,"column":22},"skip":true},{"start":{"line":70,"column":27},"end":{"line":70,"column":32},"skip":true},{"start":{"line":71,"column":20},"end":{"line":71,"column":39},"skip":true},{"start":{"line":72,"column":20},"end":{"line":72,"column":49},"skip":true},{"start":{"line":73,"column":20},"end":{"line":73,"column":58},"skip":true},{"start":{"line":74,"column":20},"end":{"line":74,"column":69},"skip":true}]},"9":{"line":79,"type":"switch","locations":[{"start":{"line":80,"column":20},"end":{"line":80,"column":33},"skip":true},{"start":{"line":81,"column":20},"end":{"line":83,"column":30},"skip":true},{"start":{"line":84,"column":20},"end":{"line":85,"column":49},"skip":true}]},"10":{"line":89,"type":"switch","locations":[{"start":{"line":90,"column":12},"end":{"line":103,"column":22},"skip":true},{"start":{"line":105,"column":12},"end":{"line":106,"column":22},"skip":true}]},"11":{"line":89,"type":"binary-expr","locations":[{"start":{"line":89,"column":20},"end":{"line":89,"column":25},"skip":true},{"start":{"line":89,"column":29},"end":{"line":89,"column":48},"skip":true},{"start":{"line":89,"column":52},"end":{"line":89,"column":74},"skip":true}]},"12":{"line":92,"type":"if","locations":[{"start":{"line":92,"column":16},"end":{"line":92,"column":16},"skip":true},{"start":{"line":92,"column":16},"end":{"line":92,"column":16},"skip":true}]},"13":{"line":108,"type":"if","locations":[{"start":{"line":108,"column":12},"end":{"line":108,"column":12},"skip":true},{"start":{"line":108,"column":12},"end":{"line":108,"column":12},"skip":true}]},"14":{"line":108,"type":"binary-expr","locations":[{"start":{"line":108,"column":16},"end":{"line":108,"column":61},"skip":true},{"start":{"line":108,"column":66},"end":{"line":108,"column":72},"skip":true},{"start":{"line":108,"column":77},"end":{"line":108,"column":82},"skip":true},{"start":{"line":109,"column":20},"end":{"line":109,"column":39},"skip":true},{"start":{"line":110,"column":20},"end":{"line":110,"column":49},"skip":true},{"start":{"line":111,"column":20},"end":{"line":111,"column":58},"skip":true},{"start":{"line":112,"column":20},"end":{"line":112,"column":68},"skip":true}]},"15":{"line":129,"type":"if","locations":[{"start":{"line":129,"column":16},"end":{"line":129,"column":16},"skip":true},{"start":{"line":129,"column":16},"end":{"line":129,"column":16},"skip":true}]},"16":{"line":134,"type":"cond-expr","locations":[{"start":{"line":135,"column":26},"end":{"line":135,"column":29},"skip":true},{"start":{"line":136,"column":26},"end":{"line":136,"column":54},"skip":true}]},"17":{"line":164,"type":"binary-expr","locations":[{"start":{"line":164,"column":27},"end":{"line":164,"column":43},"skip":true},{"start":{"line":164,"column":47},"end":{"line":164,"column":49},"skip":true}]},"18":{"line":258,"type":"if","locations":[{"start":{"line":258,"column":8},"end":{"line":258,"column":8},"skip":true},{"start":{"line":258,"column":8},"end":{"line":258,"column":8},"skip":true}]},"19":{"line":275,"type":"switch","locations":[{"start":{"line":276,"column":20},"end":{"line":277,"column":64},"skip":true},{"start":{"line":278,"column":20},"end":{"line":279,"column":40},"skip":true},{"start":{"line":280,"column":20},"end":{"line":281,"column":40},"skip":true},{"start":{"line":282,"column":20},"end":{"line":283,"column":39},"skip":true}]},"20":{"line":288,"type":"if","locations":[{"start":{"line":288,"column":8},"end":{"line":288,"column":8},"skip":true},{"start":{"line":288,"column":8},"end":{"line":288,"column":8},"skip":true}]},"21":{"line":288,"type":"binary-expr","locations":[{"start":{"line":288,"column":12},"end":{"line":288,"column":40},"skip":true},{"start":{"line":288,"column":44},"end":{"line":288,"column":67},"skip":true}]},"22":{"line":292,"type":"binary-expr","locations":[{"start":{"line":292,"column":12},"end":{"line":292,"column":50},"skip":true},{"start":{"line":293,"column":12},"end":{"line":293,"column":53},"skip":true}]},"23":{"line":295,"type":"binary-expr","locations":[{"start":{"line":295,"column":12},"end":{"line":295,"column":62},"skip":true},{"start":{"line":296,"column":12},"end":{"line":301,"column":36},"skip":true}]},"24":{"line":302,"type":"binary-expr","locations":[{"start":{"line":302,"column":43},"end":{"line":302,"column":75},"skip":true},{"start":{"line":302,"column":79},"end":{"line":302,"column":81},"skip":true}]},"25":{"line":305,"type":"if","locations":[{"start":{"line":305,"column":8},"end":{"line":305,"column":8},"skip":true},{"start":{"line":305,"column":8},"end":{"line":305,"column":8},"skip":true}]},"26":{"line":309,"type":"if","locations":[{"start":{"line":309,"column":8},"end":{"line":309,"column":8},"skip":true},{"start":{"line":309,"column":8},"end":{"line":309,"column":8},"skip":true}]},"27":{"line":312,"type":"binary-expr","locations":[{"start":{"line":312,"column":27},"end":{"line":312,"column":43},"skip":true},{"start":{"line":312,"column":47},"end":{"line":312,"column":53},"skip":true}]},"28":{"line":316,"type":"if","locations":[{"start":{"line":316,"column":12},"end":{"line":316,"column":12},"skip":true},{"start":{"line":316,"column":12},"end":{"line":316,"column":12},"skip":true}]}},"code":["/*","example.js","","quickstart example","","instruction","    1. save this script as example.js","    2. run the shell command:","        $ npm install npmtest-cash && PORT=8081 node example.js","    3. play with the browser-demo on http://127.0.0.1:8081","*/","","","","/* istanbul instrument in package npmtest_cash */","/*jslint","    bitwise: true,","    browser: true,","    maxerr: 8,","    maxlen: 96,","    node: true,","    nomen: true,","    regexp: true,","    stupid: true","*/","(function () {","    'use strict';","    var local;","","","","    // run shared js-env code - pre-init","    (function () {","        // init local","        local = {};","        // init modeJs","        local.modeJs = (function () {","            try {","                return typeof navigator.userAgent === 'string' &&","                    typeof document.querySelector('body') === 'object' &&","                    typeof XMLHttpRequest.prototype.open === 'function' &&","                    'browser';","            } catch (errorCaughtBrowser) {","                return module.exports &&","                    typeof process.versions.node === 'string' &&","                    typeof require('http').createServer === 'function' &&","                    'node';","            }","        }());","        // init global","        local.global = local.modeJs === 'browser'","            ? window","            : global;","        // init utility2_rollup","        local = local.global.utility2_rollup || (local.modeJs === 'browser'","            ? local.global.utility2_npmtest_cash","            : global.utility2_moduleExports);","        // export local","        local.global.local = local;","    }());","    switch (local.modeJs) {","","","","    // post-init","    // run browser js-env code - post-init","    /* istanbul ignore next */","    case 'browser':","        local.testRunBrowser = function (event) {","            if (!event || (event &&","                    event.currentTarget &&","                    event.currentTarget.className &&","                    event.currentTarget.className.includes &&","                    event.currentTarget.className.includes('onreset'))) {","                // reset output","                Array.from(","                    document.querySelectorAll('body > .resettable')","                ).forEach(function (element) {","                    switch (element.tagName) {","                    case 'INPUT':","                    case 'TEXTAREA':","                        element.value = '';","                        break;","                    default:","                        element.textContent = '';","                    }","                });","            }","            switch (event && event.currentTarget && event.currentTarget.id) {","            case 'testRunButton1':","                // show tests","                if (document.querySelector('#testReportDiv1').style.display === 'none') {","                    document.querySelector('#testReportDiv1').style.display = 'block';","                    document.querySelector('#testRunButton1').textContent =","                        'hide internal test';","                    local.modeTest = true;","                    local.testRunDefault(local);","                // hide tests","                } else {","                    document.querySelector('#testReportDiv1').style.display = 'none';","                    document.querySelector('#testRunButton1').textContent = 'run internal test';","                }","                break;","            // custom-case","            default:","                break;","            }","            if (document.querySelector('#inputTextareaEval1') && (!event || (event &&","                    event.currentTarget &&","                    event.currentTarget.className &&","                    event.currentTarget.className.includes &&","                    event.currentTarget.className.includes('oneval')))) {","                // try to eval input-code","                try {","                    /*jslint evil: true*/","                    eval(document.querySelector('#inputTextareaEval1').value);","                } catch (errorCaught) {","                    console.error(errorCaught);","                }","            }","        };","        // log stderr and stdout to #outputTextareaStdout1","        ['error', 'log'].forEach(function (key) {","            console[key + '_original'] = console[key];","            console[key] = function () {","                var element;","                console[key + '_original'].apply(console, arguments);","                element = document.querySelector('#outputTextareaStdout1');","                if (!element) {","                    return;","                }","                // append text to #outputTextareaStdout1","                element.value += Array.from(arguments).map(function (arg) {","                    return typeof arg === 'string'","                        ? arg","                        : JSON.stringify(arg, null, 4);","                }).join(' ') + '\\n';","                // scroll textarea to bottom","                element.scrollTop = element.scrollHeight;","            };","        });","        // init event-handling","        ['change', 'click', 'keyup'].forEach(function (event) {","            Array.from(document.querySelectorAll('.on' + event)).forEach(function (element) {","                element.addEventListener(event, local.testRunBrowser);","            });","        });","        // run tests","        local.testRunBrowser();","        break;","","","","    // run node js-env code - post-init","    /* istanbul ignore next */","    case 'node':","        // export local","        module.exports = local;","        // require modules","        local.fs = require('fs');","        local.http = require('http');","        local.url = require('url');","        // init assets","        local.assetsDict = local.assetsDict || {};","        /* jslint-ignore-begin */","        local.assetsDict['/assets.index.template.html'] = '\\","<!doctype html>\\n\\","<html lang=\"en\">\\n\\","<head>\\n\\","<meta charset=\"UTF-8\">\\n\\","<meta name=\"viewport\" content=\"width=device-width, initial-scale=1\">\\n\\","<title>{{env.npm_package_name}} (v{{env.npm_package_version}})</title>\\n\\","<style>\\n\\","/*csslint\\n\\","    box-sizing: false,\\n\\","    universal-selector: false\\n\\","*/\\n\\","* {\\n\\","    box-sizing: border-box;\\n\\","}\\n\\","body {\\n\\","    background: #dde;\\n\\","    font-family: Arial, Helvetica, sans-serif;\\n\\","    margin: 2rem;\\n\\","}\\n\\","body > * {\\n\\","    margin-bottom: 1rem;\\n\\","}\\n\\",".utility2FooterDiv {\\n\\","    margin-top: 20px;\\n\\","    text-align: center;\\n\\","}\\n\\","</style>\\n\\","<style>\\n\\","/*csslint\\n\\","*/\\n\\","textarea {\\n\\","    font-family: monospace;\\n\\","    height: 10rem;\\n\\","    width: 100%;\\n\\","}\\n\\","textarea[readonly] {\\n\\","    background: #ddd;\\n\\","}\\n\\","</style>\\n\\","</head>\\n\\","<body>\\n\\","<!-- utility2-comment\\n\\","<div id=\"ajaxProgressDiv1\" style=\"background: #d00; height: 2px; left: 0; margin: 0; padding: 0; position: fixed; top: 0; transition: background 0.5s, width 1.5s; width: 25%;\"></div>\\n\\","utility2-comment -->\\n\\","<h1>\\n\\","<!-- utility2-comment\\n\\","    <a\\n\\","        {{#if env.npm_package_homepage}}\\n\\","        href=\"{{env.npm_package_homepage}}\"\\n\\","        {{/if env.npm_package_homepage}}\\n\\","        target=\"_blank\"\\n\\","    >\\n\\","utility2-comment -->\\n\\","        {{env.npm_package_name}} (v{{env.npm_package_version}})\\n\\","<!-- utility2-comment\\n\\","    </a>\\n\\","utility2-comment -->\\n\\","</h1>\\n\\","<h3>{{env.npm_package_description}}</h3>\\n\\","<!-- utility2-comment\\n\\","<h4><a download href=\"assets.app.js\">download standalone app</a></h4>\\n\\","<button class=\"onclick onreset\" id=\"testRunButton1\">run internal test</button><br>\\n\\","<div id=\"testReportDiv1\" style=\"display: none;\"></div>\\n\\","utility2-comment -->\\n\\","\\n\\","\\n\\","\\n\\","<label>stderr and stdout</label>\\n\\","<textarea class=\"resettable\" id=\"outputTextareaStdout1\" readonly></textarea>\\n\\","<!-- utility2-comment\\n\\","{{#if isRollup}}\\n\\","<script src=\"assets.app.js\"></script>\\n\\","{{#unless isRollup}}\\n\\","utility2-comment -->\\n\\","<script src=\"assets.utility2.rollup.js\"></script>\\n\\","<script src=\"jsonp.utility2._stateInit?callback=window.utility2._stateInit\"></script>\\n\\","<script src=\"assets.npmtest_cash.rollup.js\"></script>\\n\\","<script src=\"assets.example.js\"></script>\\n\\","<script src=\"assets.test.js\"></script>\\n\\","<!-- utility2-comment\\n\\","{{/if isRollup}}\\n\\","utility2-comment -->\\n\\","<div class=\"utility2FooterDiv\">\\n\\","    [ this app was created with\\n\\","    <a href=\"https://github.com/kaizhu256/node-utility2\" target=\"_blank\">utility2</a>\\n\\","    ]\\n\\","</div>\\n\\","</body>\\n\\","</html>\\n\\","';","        /* jslint-ignore-end */","        if (local.templateRender) {","            local.assetsDict['/'] = local.templateRender(","                local.assetsDict['/assets.index.template.html'],","                {","                    env: local.objectSetDefault(local.env, {","                        npm_package_description: 'the greatest app in the world!',","                        npm_package_name: 'my-app',","                        npm_package_nameAlias: 'my_app',","                        npm_package_version: '0.0.1'","                    })","                }","            );","        } else {","            local.assetsDict['/'] = local.assetsDict['/assets.index.template.html']","                .replace((/\\{\\{env\\.(\\w+?)\\}\\}/g), function (match0, match1) {","                    // jslint-hack","                    String(match0);","                    switch (match1) {","                    case 'npm_package_description':","                        return 'the greatest app in the world!';","                    case 'npm_package_name':","                        return 'my-app';","                    case 'npm_package_nameAlias':","                        return 'my_app';","                    case 'npm_package_version':","                        return '0.0.1';","                    }","                });","        }","        // run the cli","        if (local.global.utility2_rollup || module !== require.main) {","            break;","        }","        local.assetsDict['/assets.example.js'] =","            local.assetsDict['/assets.example.js'] ||","            local.fs.readFileSync(__filename, 'utf8');","        local.assetsDict['/assets.npmtest_cash.rollup.js'] =","            local.assetsDict['/assets.npmtest_cash.rollup.js'] ||","            local.fs.readFileSync(","                // buildCustomOrg-hack","                local.npmtest_cash.__dirname +","                    '/lib.npmtest_cash.js',","                'utf8'","            ).replace((/^#!/), '//');","        local.assetsDict['/favicon.ico'] = local.assetsDict['/favicon.ico'] || '';","        // if $npm_config_timeout_exit exists,","        // then exit this process after $npm_config_timeout_exit ms","        if (Number(process.env.npm_config_timeout_exit)) {","            setTimeout(process.exit, Number(process.env.npm_config_timeout_exit));","        }","        // start server","        if (local.global.utility2_serverHttp1) {","            break;","        }","        process.env.PORT = process.env.PORT || '8081';","        console.error('server starting on port ' + process.env.PORT);","        local.http.createServer(function (request, response) {","            request.urlParsed = local.url.parse(request.url);","            if (local.assetsDict[request.urlParsed.pathname] !== undefined) {","                response.end(local.assetsDict[request.urlParsed.pathname]);","                return;","            }","            response.statusCode = 404;","            response.end();","        }).listen(process.env.PORT);","        break;","    }","}());",""],"l":{"26":2,"28":2,"33":2,"35":2,"37":2,"38":2,"39":2,"44":1,"51":2,"55":2,"59":2,"61":2,"69":1,"70":2,"76":2,"79":2,"82":2,"83":2,"85":1,"89":2,"92":1,"93":1,"94":1,"96":1,"97":1,"100":1,"101":1,"103":1,"106":1,"108":2,"114":1,"116":1,"118":1,"123":1,"124":2,"125":2,"126":2,"127":2,"128":2,"129":2,"130":1,"133":2,"134":2,"139":2,"143":1,"144":3,"145":1,"149":1,"150":1,"158":1,"160":1,"161":1,"162":1,"164":1,"166":1,"258":1,"259":1,"271":1,"274":6,"275":6,"277":1,"279":2,"281":1,"283":2,"288":1,"289":1,"291":1,"294":1,"302":1,"305":1,"306":1,"309":1,"310":1,"312":1,"313":1,"314":1,"315":1,"316":1,"317":1,"318":1,"320":1,"321":1,"323":1}},"/home/travis/build/npmtest/node-npmtest-cash/node_modules/cash/dist/index.js":{"path":"/home/travis/build/npmtest/node-npmtest-cash/node_modules/cash/dist/index.js","s":{"1":1,"2":1,"3":1,"4":1,"5":1,"6":1,"7":1,"8":1,"9":1,"10":1,"11":0,"12":0,"13":0,"14":0,"15":0,"16":0,"17":0,"18":0,"19":0,"20":0,"21":0,"22":0,"23":0,"24":0,"25":0,"26":0,"27":0,"28":0,"29":0,"30":0,"31":0,"32":1,"33":1,"34":1,"35":23,"36":2,"37":21,"38":21,"39":21,"40":21,"41":21,"42":21,"43":21,"44":21,"45":21,"46":21,"47":21,"48":0,"49":0,"50":1,"51":2,"52":2,"53":2,"54":0,"55":1,"56":1,"57":1,"58":23,"59":23,"60":0,"61":0,"62":0,"63":0,"64":1,"65":23,"66":1,"67":1,"68":0,"69":1,"70":1,"71":1,"72":1,"73":1,"74":1,"75":1,"76":0,"77":0,"78":0,"79":1,"80":1,"81":0,"82":0,"83":0,"84":0,"85":0,"86":0,"87":0,"88":0,"89":0,"90":0,"91":0,"92":1,"93":1,"94":0,"95":1,"96":1,"97":1,"98":1,"99":1,"100":0,"101":0,"102":1,"103":1,"104":1,"105":1,"106":0,"107":1,"108":1},"b":{"1":[0,0],"2":[0,0,0],"3":[0,0],"4":[0,0],"5":[2,21],"6":[21,0],"7":[21,21],"8":[23,0],"9":[0,0],"10":[0,0],"11":[0,0],"12":[1,1],"13":[0,0],"14":[0,0],"15":[0,1],"16":[0,0],"17":[0,0],"18":[0,1],"19":[0,0]},"f":{"1":0,"2":0,"3":0,"4":0,"5":0,"6":1,"7":23,"8":21,"9":0,"10":2,"11":23,"12":0,"13":0,"14":0,"15":0,"16":0,"17":0,"18":1,"19":0},"fnMap":{"1":{"name":"_export","line":27,"loc":{"start":{"line":27,"column":10},"end":{"line":27,"column":37}}},"2":{"name":"(anonymous_2)","line":30,"loc":{"start":{"line":30,"column":25},"end":{"line":30,"column":37}}},"3":{"name":"(anonymous_3)","line":38,"loc":{"start":{"line":38,"column":27},"end":{"line":38,"column":42}}},"4":{"name":"(anonymous_4)","line":51,"loc":{"start":{"line":51,"column":54},"end":{"line":51,"column":73}}},"5":{"name":"(anonymous_5)","line":57,"loc":{"start":{"line":57,"column":21},"end":{"line":57,"column":40}}},"6":{"name":"load","line":63,"loc":{"start":{"line":63,"column":8},"end":{"line":63,"column":24}}},"7":{"name":"(anonymous_7)","line":66,"loc":{"start":{"line":66,"column":26},"end":{"line":66,"column":41}}},"8":{"name":"(anonymous_8)","line":71,"loc":{"start":{"line":71,"column":9},"end":{"line":71,"column":21}}},"9":{"name":"(anonymous_9)","line":86,"loc":{"start":{"line":86,"column":24},"end":{"line":86,"column":44}},"skip":true},"10":{"name":"(anonymous_10)","line":96,"loc":{"start":{"line":96,"column":34},"end":{"line":96,"column":49}}},"11":{"name":"_loop","line":114,"loc":{"start":{"line":114,"column":16},"end":{"line":114,"column":36}}},"12":{"name":"(anonymous_12)","line":116,"loc":{"start":{"line":116,"column":26},"end":{"line":116,"column":61}}},"13":{"name":"(anonymous_13)","line":117,"loc":{"start":{"line":117,"column":33},"end":{"line":117,"column":45}}},"14":{"name":"(anonymous_14)","line":138,"loc":{"start":{"line":138,"column":35},"end":{"line":138,"column":47}}},"15":{"name":"(anonymous_15)","line":172,"loc":{"start":{"line":172,"column":7},"end":{"line":172,"column":19}},"skip":true},"16":{"name":"(anonymous_16)","line":174,"loc":{"start":{"line":174,"column":20},"end":{"line":174,"column":32}},"skip":true},"17":{"name":"(anonymous_17)","line":177,"loc":{"start":{"line":177,"column":26},"end":{"line":177,"column":38}},"skip":true},"18":{"name":"(anonymous_18)","line":195,"loc":{"start":{"line":195,"column":30},"end":{"line":195,"column":45}}},"19":{"name":"show","line":219,"loc":{"start":{"line":219,"column":8},"end":{"line":219,"column":24}}}},"statementMap":{"1":{"start":{"line":3,"column":0},"end":{"line":3,"column":23}},"2":{"start":{"line":4,"column":0},"end":{"line":4,"column":31}},"3":{"start":{"line":6,"column":0},"end":{"line":6,"column":45}},"4":{"start":{"line":7,"column":0},"end":{"line":7,"column":29}},"5":{"start":{"line":8,"column":0},"end":{"line":8,"column":46}},"6":{"start":{"line":9,"column":0},"end":{"line":9,"column":42}},"7":{"start":{"line":10,"column":0},"end":{"line":10,"column":27}},"8":{"start":{"line":11,"column":0},"end":{"line":11,"column":23}},"9":{"start":{"line":13,"column":0},"end":{"line":13,"column":21}},"10":{"start":{"line":15,"column":0},"end":{"line":214,"column":2}},"11":{"start":{"line":29,"column":4},"end":{"line":29,"column":60}},"12":{"start":{"line":30,"column":4},"end":{"line":30,"column":40}},"13":{"start":{"line":31,"column":4},"end":{"line":33,"column":6}},"14":{"start":{"line":36,"column":4},"end":{"line":36,"column":48}},"15":{"start":{"line":37,"column":4},"end":{"line":37,"column":17}},"16":{"start":{"line":38,"column":4},"end":{"line":41,"column":7}},"17":{"start":{"line":39,"column":6},"end":{"line":39,"column":24}},"18":{"start":{"line":40,"column":6},"end":{"line":40,"column":16}},"19":{"start":{"line":42,"column":4},"end":{"line":42,"column":29}},"20":{"start":{"line":43,"column":4},"end":{"line":56,"column":5}},"21":{"start":{"line":45,"column":6},"end":{"line":45,"column":81}},"22":{"start":{"line":46,"column":6},"end":{"line":46,"column":29}},"23":{"start":{"line":47,"column":6},"end":{"line":49,"column":7}},"24":{"start":{"line":48,"column":8},"end":{"line":48,"column":53}},"25":{"start":{"line":51,"column":6},"end":{"line":53,"column":9}},"26":{"start":{"line":52,"column":8},"end":{"line":52,"column":44}},"27":{"start":{"line":55,"column":6},"end":{"line":55,"column":23}},"28":{"start":{"line":57,"column":4},"end":{"line":59,"column":7}},"29":{"start":{"line":58,"column":6},"end":{"line":58,"column":44}},"30":{"start":{"line":60,"column":4},"end":{"line":60,"column":13}},"31":{"start":{"line":61,"column":4},"end":{"line":61,"column":42}},"32":{"start":{"line":64,"column":4},"end":{"line":64,"column":20}},"33":{"start":{"line":65,"column":4},"end":{"line":65,"column":25}},"34":{"start":{"line":66,"column":4},"end":{"line":95,"column":7}},"35":{"start":{"line":67,"column":6},"end":{"line":69,"column":7}},"36":{"start":{"line":68,"column":8},"end":{"line":68,"column":15}},"37":{"start":{"line":70,"column":6},"end":{"line":94,"column":7}},"38":{"start":{"line":71,"column":8},"end":{"line":90,"column":13}},"39":{"start":{"line":72,"column":10},"end":{"line":72,"column":57}},"40":{"start":{"line":73,"column":10},"end":{"line":73,"column":31}},"41":{"start":{"line":74,"column":10},"end":{"line":79,"column":11}},"42":{"start":{"line":75,"column":12},"end":{"line":75,"column":52}},"43":{"start":{"line":76,"column":12},"end":{"line":76,"column":56}},"44":{"start":{"line":80,"column":10},"end":{"line":82,"column":13}},"45":{"start":{"line":83,"column":10},"end":{"line":83,"column":45}},"46":{"start":{"line":84,"column":10},"end":{"line":89,"column":11}},"47":{"start":{"line":86,"column":12},"end":{"line":88,"column":15},"skip":true},"48":{"start":{"line":87,"column":14},"end":{"line":87,"column":23},"skip":true},"49":{"start":{"line":93,"column":8},"end":{"line":93,"column":66},"skip":true},"50":{"start":{"line":96,"column":4},"end":{"line":106,"column":7}},"51":{"start":{"line":97,"column":6},"end":{"line":105,"column":7}},"52":{"start":{"line":98,"column":8},"end":{"line":98,"column":43}},"53":{"start":{"line":99,"column":8},"end":{"line":101,"column":11}},"54":{"start":{"line":104,"column":8},"end":{"line":104,"column":66},"skip":true},"55":{"start":{"line":111,"column":4},"end":{"line":111,"column":39}},"56":{"start":{"line":112,"column":4},"end":{"line":112,"column":35}},"57":{"start":{"line":114,"column":4},"end":{"line":130,"column":6}},"58":{"start":{"line":115,"column":6},"end":{"line":129,"column":7}},"59":{"start":{"line":116,"column":8},"end":{"line":128,"column":10}},"60":{"start":{"line":117,"column":10},"end":{"line":117,"column":48}},"61":{"start":{"line":118,"column":10},"end":{"line":118,"column":34}},"62":{"start":{"line":119,"column":10},"end":{"line":119,"column":38}},"63":{"start":{"line":120,"column":10},"end":{"line":127,"column":13}},"64":{"start":{"line":132,"column":4},"end":{"line":134,"column":5}},"65":{"start":{"line":133,"column":6},"end":{"line":133,"column":17}},"66":{"start":{"line":136,"column":4},"end":{"line":136,"column":63}},"67":{"start":{"line":138,"column":4},"end":{"line":141,"column":7}},"68":{"start":{"line":140,"column":6},"end":{"line":140,"column":22},"skip":true},"69":{"start":{"line":144,"column":4},"end":{"line":144,"column":24}},"70":{"start":{"line":145,"column":4},"end":{"line":152,"column":5}},"71":{"start":{"line":146,"column":6},"end":{"line":146,"column":73}},"72":{"start":{"line":149,"column":6},"end":{"line":149,"column":15},"skip":true},"73":{"start":{"line":151,"column":6},"end":{"line":151,"column":52},"skip":true},"74":{"start":{"line":153,"column":4},"end":{"line":153,"column":21}},"75":{"start":{"line":155,"column":4},"end":{"line":160,"column":5},"skip":true},"76":{"start":{"line":156,"column":6},"end":{"line":156,"column":68},"skip":true},"77":{"start":{"line":157,"column":6},"end":{"line":159,"column":7},"skip":true},"78":{"start":{"line":158,"column":8},"end":{"line":158,"column":31},"skip":true},"79":{"start":{"line":161,"column":4},"end":{"line":161,"column":34}},"80":{"start":{"line":171,"column":4},"end":{"line":187,"column":5},"skip":true},"81":{"start":{"line":172,"column":6},"end":{"line":186,"column":11},"skip":true},"82":{"start":{"line":173,"column":8},"end":{"line":173,"column":24},"skip":true},"83":{"start":{"line":174,"column":8},"end":{"line":176,"column":17},"skip":true},"84":{"start":{"line":175,"column":10},"end":{"line":175,"column":46},"skip":true},"85":{"start":{"line":177,"column":8},"end":{"line":185,"column":11},"skip":true},"86":{"start":{"line":178,"column":10},"end":{"line":178,"column":20},"skip":true},"87":{"start":{"line":179,"column":10},"end":{"line":179,"column":35},"skip":true},"88":{"start":{"line":180,"column":10},"end":{"line":183,"column":11},"skip":true},"89":{"start":{"line":181,"column":12},"end":{"line":181,"column":69},"skip":true},"90":{"start":{"line":182,"column":12},"end":{"line":182,"column":29},"skip":true},"91":{"start":{"line":184,"column":10},"end":{"line":184,"column":17},"skip":true},"92":{"start":{"line":190,"column":4},"end":{"line":190,"column":32}},"93":{"start":{"line":191,"column":4},"end":{"line":194,"column":5}},"94":{"start":{"line":193,"column":6},"end":{"line":193,"column":32},"skip":true},"95":{"start":{"line":195,"column":4},"end":{"line":197,"column":7}},"96":{"start":{"line":196,"column":6},"end":{"line":196,"column":52}},"97":{"start":{"line":199,"column":4},"end":{"line":208,"column":5}},"98":{"start":{"line":200,"column":6},"end":{"line":207,"column":7}},"99":{"start":{"line":201,"column":8},"end":{"line":204,"column":9}},"100":{"start":{"line":202,"column":10},"end":{"line":202,"column":56}},"101":{"start":{"line":203,"column":10},"end":{"line":203,"column":16}},"102":{"start":{"line":210,"column":4},"end":{"line":210,"column":35}},"103":{"start":{"line":211,"column":4},"end":{"line":211,"column":36}},"104":{"start":{"line":212,"column":4},"end":{"line":212,"column":16}},"105":{"start":{"line":216,"column":0},"end":{"line":223,"column":2}},"106":{"start":{"line":221,"column":4},"end":{"line":221,"column":22},"skip":true},"107":{"start":{"line":225,"column":0},"end":{"line":225,"column":11}},"108":{"start":{"line":227,"column":0},"end":{"line":227,"column":28}}},"branchMap":{"1":{"line":29,"type":"binary-expr","locations":[{"start":{"line":29,"column":15},"end":{"line":29,"column":33}},{"start":{"line":29,"column":37},"end":{"line":29,"column":59}}]},"2":{"line":30,"type":"binary-expr","locations":[{"start":{"line":30,"column":10},"end":{"line":30,"column":14}},{"start":{"line":30,"column":18},"end":{"line":30,"column":21}},{"start":{"line":30,"column":25},"end":{"line":30,"column":39}}]},"3":{"line":32,"type":"binary-expr","locations":[{"start":{"line":32,"column":13},"end":{"line":32,"column":23}},{"start":{"line":32,"column":27},"end":{"line":32,"column":32}}]},"4":{"line":43,"type":"if","locations":[{"start":{"line":43,"column":4},"end":{"line":43,"column":4}},{"start":{"line":43,"column":4},"end":{"line":43,"column":4}}]},"5":{"line":67,"type":"if","locations":[{"start":{"line":67,"column":6},"end":{"line":67,"column":6}},{"start":{"line":67,"column":6},"end":{"line":67,"column":6}}]},"6":{"line":84,"type":"if","locations":[{"start":{"line":84,"column":10},"end":{"line":84,"column":10}},{"start":{"line":84,"column":10},"end":{"line":84,"column":10}}]},"7":{"line":84,"type":"binary-expr","locations":[{"start":{"line":84,"column":14},"end":{"line":84,"column":20}},{"start":{"line":84,"column":24},"end":{"line":84,"column":28}}]},"8":{"line":115,"type":"if","locations":[{"start":{"line":115,"column":6},"end":{"line":115,"column":6}},{"start":{"line":115,"column":6},"end":{"line":115,"column":6}}]},"9":{"line":117,"type":"binary-expr","locations":[{"start":{"line":117,"column":21},"end":{"line":117,"column":29}},{"start":{"line":117,"column":33},"end":{"line":117,"column":47}}]},"10":{"line":118,"type":"binary-expr","locations":[{"start":{"line":118,"column":20},"end":{"line":118,"column":27}},{"start":{"line":118,"column":31},"end":{"line":118,"column":33}}]},"11":{"line":125,"type":"binary-expr","locations":[{"start":{"line":125,"column":19},"end":{"line":125,"column":44}},{"start":{"line":125,"column":48},"end":{"line":125,"column":53}}]},"12":{"line":146,"type":"binary-expr","locations":[{"start":{"line":146,"column":23},"end":{"line":146,"column":65}},{"start":{"line":146,"column":69},"end":{"line":146,"column":71}}]},"13":{"line":157,"type":"if","locations":[{"start":{"line":157,"column":6},"end":{"line":157,"column":6},"skip":true},{"start":{"line":157,"column":6},"end":{"line":157,"column":6},"skip":true}]},"14":{"line":157,"type":"binary-expr","locations":[{"start":{"line":157,"column":10},"end":{"line":157,"column":28},"skip":true},{"start":{"line":157,"column":32},"end":{"line":157,"column":45},"skip":true}]},"15":{"line":171,"type":"if","locations":[{"start":{"line":171,"column":4},"end":{"line":171,"column":4},"skip":true},{"start":{"line":171,"column":4},"end":{"line":171,"column":4},"skip":true}]},"16":{"line":175,"type":"cond-expr","locations":[{"start":{"line":175,"column":34},"end":{"line":175,"column":35},"skip":true},{"start":{"line":175,"column":38},"end":{"line":175,"column":45},"skip":true}]},"17":{"line":180,"type":"if","locations":[{"start":{"line":180,"column":10},"end":{"line":180,"column":10},"skip":true},{"start":{"line":180,"column":10},"end":{"line":180,"column":10},"skip":true}]},"18":{"line":191,"type":"if","locations":[{"start":{"line":191,"column":4},"end":{"line":191,"column":4}},{"start":{"line":191,"column":4},"end":{"line":191,"column":4}}]},"19":{"line":201,"type":"if","locations":[{"start":{"line":201,"column":8},"end":{"line":201,"column":8}},{"start":{"line":201,"column":8},"end":{"line":201,"column":8}}]}},"code":["'use strict';","","var os = require('os');","var Vorpal = require('vorpal');","","var commands = require('./../commands.json');","var help = require('./help');","var interfacer = require('./util/interfacer');","var delimiter = require('./delimiter.js');","var path = require('path');","var fs = require('fs');","","var cmds = undefined;","","var app = {","","  commands: commands.commands,","","  importedCommands: commands.importedCommands,","","  vorpal: new Vorpal(),","","  _cwd: process.cwd(),","","  _fatal: false,","","  export: function _export(str, cbk) {","    // Is this a tagged template literal?","    var tmpl = Array.isArray(str) && Array.isArray(str.raw);","    cbk = tmpl && cbk || function () {};","    var options = {","      fatal: app._fatal || false","    };","    // Hook stdin, execute the command and","    // then return it all.","    var intercept = require('./util/intercept');","    var out = '';","    var unhook = intercept(function (str) {","      out += str + '\\n';","      return '';","    });","    var commands = undefined;","    if (tmpl) {","      // Render into a single string, inserting interpolated values.","      var interpVals = [].concat(Array.prototype.slice.call(arguments)).slice(1);","      var interpStr = str[0];","      for (var i = 0, l = interpVals.length; i < l; i++) {","        interpStr += '' + interpVals[i] + str[i + 1];","      }","      // Split into lines.  Remove blank lines and comments (start with #)","      commands = interpStr.split(/\\r\\n|\\r|\\n/).filter(function (command) {","        return !/^\\s*(?:#|$)/.test(command);","      });","    } else {","      commands = [str];","    }","    commands.forEach(function (command) {","      app.vorpal.execSync(command, options);","    });","    unhook();","    return String(out).replace(/\\n$/, '');","  },","  load: function load() {","    var self = this;","    self.vorpal.api = {};","    this.commands.forEach(function (cmd) {","      if (self.importedCommands.indexOf(cmd) > -1) {","        return;","      }","      try {","        (function () {","          var mod = require('./commands/' + cmd + '.js');","          var help = undefined;","          try {","            help = require('./help/' + cmd + '.js');","            help = String(help).replace(/^\\n|\\n$/g, '');","          } catch (e) {","            // .. whatever","          }","          self.vorpal.use(mod, {","            parent: self","          });","          var cmdObj = self.vorpal.find(cmd);","          if (cmdObj && help) {","            /* istanbul ignore next */","            cmdObj.help(function (args, cb) {","              cb(help);","            });","          }","        })();","      } catch (e) {","        /* istanbul ignore next */","        self.vorpal.log('Error loading command ' + cmd + ': ', e);","      }","    });","    this.importedCommands.forEach(function (cmd) {","      try {","        var mod = require('vorpal-' + cmd);","        self.vorpal.use(mod, {","          parent: self","        });","      } catch (e) {","        /* istanbul ignore next */","        self.vorpal.log('Error loading command ' + cmd + ': ', e);","      }","    });","","    // If we're running Windows, register","    // process spawning for Windows child processes.","    // If on Linux, just does registers the .catch command.","    var windows = require('./windows');","    windows.registerCommands(self);","","    var _loop = function _loop(cmd) {","      if (app.vorpal.api.hasOwnProperty(cmd)) {","        app.export[cmd] = function (args, options, callback) {","          callback = callback || function () {};","          options = options || {};","          options.vorpal = app.vorpal;","          return interfacer.call(this, {","            command: app.vorpal.api[cmd],","            args: args,","            options: options,","            callback: callback,","            async: app.vorpal.api[cmd].async || false,","            silent: true","          });","        };","      }","    };","","    for (var cmd in app.vorpal.api) {","      _loop(cmd);","    }","","    app.vorpal.history('cash').localStorage('cash').help(help);","","    app.vorpal.find('exit').action(function () {","      /* istanbul ignore next */","      process.exit(1);","    });","","    // Load aliases","    var all = undefined;","    try {","      all = JSON.parse(app.vorpal.localStorage.getItem('aliases') || []);","    } catch (e) {","      /* istanbul ignore next */","      all = [];","      /* istanbul ignore next */","      app.vorpal.localStorage.removeItem('aliases');","    }","    var aliases = {};","    /* istanbul ignore next */","    for (var i = 0; i < all.length; ++i) {","      var item = app.vorpal.localStorage.getItem('alias|' + all[i]);","      if (item !== undefined && item !== null) {","        aliases[all[i]] = item;","      }","    }","    app.vorpal._aliases = aliases;","","    // Override SIGINT to be ignored,","    // and if the user is insistent, give","    // a helpful message. The purpose of this","    // is to give a full shell feel, not an","    // application running over the shell.","    // Skip this on linux, as its mainly","    // for dev testing.","    /* istanbul ignore next */","    if (os.platform().indexOf('win') > -1) {","      (function () {","        var counter = 0;","        setInterval(function () {","          counter = counter > 0 ? 0 : counter;","        }, 3000);","        app.vorpal.sigint(function () {","          counter++;","          app.vorpal.ui.submit('');","          if (counter > 5) {","            app.vorpal.log('(to quit Cash, use the \"exit\" command)');","            counter -= 10000;","          }","          return;","        });","      })();","    }","","    // Load .cashrc upon startup","    var locations = ['.cashrc'];","    if (process.platform === 'win32') {","      /* istanbul ignore next */","      locations.push('_cashrc');","    }","    locations = locations.map(function (str) {","      return path.join(delimiter.getHomeDir(), str);","    });","","    for (var i = 0; i < locations.length; ++i) {","      try {","        if (!fs.statSync(locations[i]).isDirectory()) {","          app.vorpal.execSync('source ' + locations[i]);","          break;","        }","      } catch (e) {","        // File doesn't exist, so just don't load defaults","      }","    }","","    app.export.vorpal = app.vorpal;","    Object.assign(app.export, cmds);","    return this;","  }","};","","cmds = {","  /* istanbul ignore next */","","  show: function show() {","    /* istanbul ignore next */","    app.vorpal.show();","  }","};","","app.load();","","module.exports = app.export;"],"l":{"3":1,"4":1,"6":1,"7":1,"8":1,"9":1,"10":1,"11":1,"13":1,"15":1,"29":0,"30":0,"31":0,"36":0,"37":0,"38":0,"39":0,"40":0,"42":0,"43":0,"45":0,"46":0,"47":0,"48":0,"51":0,"52":0,"55":0,"57":0,"58":0,"60":0,"61":0,"64":1,"65":1,"66":1,"67":23,"68":2,"70":21,"71":21,"72":21,"73":21,"74":21,"75":21,"76":21,"80":21,"83":21,"84":21,"86":21,"87":1,"93":1,"96":1,"97":2,"98":2,"99":2,"104":1,"111":1,"112":1,"114":1,"115":23,"116":23,"117":0,"118":0,"119":0,"120":0,"132":1,"133":23,"136":1,"138":1,"140":1,"144":1,"145":1,"146":1,"149":1,"151":1,"153":1,"155":1,"156":1,"157":1,"158":1,"161":1,"171":1,"172":1,"173":1,"174":1,"175":1,"177":1,"178":1,"179":1,"180":1,"181":1,"182":1,"184":1,"190":1,"191":1,"193":1,"195":1,"196":1,"199":1,"200":1,"201":1,"202":0,"203":0,"210":1,"211":1,"212":1,"216":1,"221":1,"225":1,"227":1}},"/home/travis/build/npmtest/node-npmtest-cash/node_modules/cash/dist/help.js":{"path":"/home/travis/build/npmtest/node-npmtest-cash/node_modules/cash/dist/help.js","s":{"1":1,"2":1,"3":1,"4":0,"5":0,"6":0,"7":1,"8":0,"9":0,"10":0,"11":0,"12":0,"13":0,"14":0,"15":0,"16":0,"17":0,"18":0,"19":0,"20":0,"21":0,"22":0,"23":0,"24":0},"b":{"1":[0,0],"2":[0,0],"3":[0,0],"4":[0,0]},"f":{"1":0,"2":0},"fnMap":{"1":{"name":"chop","line":7,"loc":{"start":{"line":7,"column":0},"end":{"line":7,"column":24}}},"2":{"name":"(anonymous_2)","line":13,"loc":{"start":{"line":13,"column":17},"end":{"line":13,"column":29}}}},"statementMap":{"1":{"start":{"line":3,"column":0},"end":{"line":3,"column":32}},"2":{"start":{"line":5,"column":0},"end":{"line":5,"column":735}},"3":{"start":{"line":7,"column":0},"end":{"line":11,"column":1}},"4":{"start":{"line":8,"column":2},"end":{"line":8,"column":42}},"5":{"start":{"line":9,"column":2},"end":{"line":9,"column":49}},"6":{"start":{"line":10,"column":2},"end":{"line":10,"column":13}},"7":{"start":{"line":13,"column":0},"end":{"line":35,"column":2}},"8":{"start":{"line":14,"column":2},"end":{"line":14,"column":53}},"9":{"start":{"line":15,"column":2},"end":{"line":15,"column":18}},"10":{"start":{"line":17,"column":2},"end":{"line":17,"column":46}},"11":{"start":{"line":18,"column":2},"end":{"line":18,"column":93}},"12":{"start":{"line":19,"column":2},"end":{"line":19,"column":79}},"13":{"start":{"line":20,"column":2},"end":{"line":20,"column":78}},"14":{"start":{"line":21,"column":2},"end":{"line":21,"column":17}},"15":{"start":{"line":23,"column":2},"end":{"line":23,"column":45}},"16":{"start":{"line":24,"column":2},"end":{"line":24,"column":59}},"17":{"start":{"line":25,"column":2},"end":{"line":25,"column":45}},"18":{"start":{"line":26,"column":2},"end":{"line":26,"column":50}},"19":{"start":{"line":27,"column":2},"end":{"line":32,"column":3}},"20":{"start":{"line":28,"column":4},"end":{"line":28,"column":52}},"21":{"start":{"line":29,"column":4},"end":{"line":29,"column":75}},"22":{"start":{"line":30,"column":4},"end":{"line":30,"column":43}},"23":{"start":{"line":31,"column":4},"end":{"line":31,"column":45}},"24":{"start":{"line":34,"column":2},"end":{"line":34,"column":16}}},"branchMap":{"1":{"line":9,"type":"cond-expr","locations":[{"start":{"line":9,"column":33},"end":{"line":9,"column":42}},{"start":{"line":9,"column":45},"end":{"line":9,"column":48}}]},"2":{"line":26,"type":"cond-expr","locations":[{"start":{"line":26,"column":44},"end":{"line":26,"column":45}},{"start":{"line":26,"column":48},"end":{"line":26,"column":49}}]},"3":{"line":29,"type":"binary-expr","locations":[{"start":{"line":29,"column":24},"end":{"line":29,"column":52}},{"start":{"line":29,"column":56},"end":{"line":29,"column":58}}]},"4":{"line":30,"type":"cond-expr","locations":[{"start":{"line":30,"column":33},"end":{"line":30,"column":35}},{"start":{"line":30,"column":38},"end":{"line":30,"column":42}}]}},"code":["'use strict';","","var pad = require('./util/pad');","","var commands = ['alias [-p] [name=[value]]', 'cat [-AbeEnstTv] [files ...]', 'cd [dir]', 'clear', 'cp [-fnr] source ... dest', 'echo [-eE] [arg ...]', 'export [-p][id=[value]]', 'false', 'grep [-bHhinqsvw] [-m max] [--silent] [--include pattern] pattern [files ...]', 'head [-nqv] <files ...>', 'kill [-s sigspec | -n signum | -sigspec] pid | jobspec ... or kill -l', 'less [files ...]', 'ls [-aAdFhilQrRStUwx1] [paths ...]', 'mkdir [-pv] [directories ...]', 'mv [-fnv] source ... dest', 'pwd [files ...]', 'rm [-frR] [files ...]', 'sort [-chMnrR] [-o file] [files ...]', 'source filename [arguments...]', 'tail [options] <files ...>', 'touch [-acm] [-d date] [-r ref] [--time word] file ...', 'true', 'unalias [-a] name [names ...]'];","","function chop(str, len) {","  var res = String(str).slice(0, len - 2);","  res = res.length === len - 2 ? res + '>' : res;","  return res;","}","","module.exports = function () {","  var version = require('./../package.json').version;","  var result = '';","","  result += 'Cash, version ' + version + '\\n';","  result += 'These shell commands are defined internally.  Type `help\\' to see this list.\\n';","  result += 'Type `help name\\' to find out more about the function `name\\'.\\n';","  result += 'Use `info cash\\' to find out more about the shell in general.\\n';","  result += '\\n';","","  var half = Math.floor(commands.length / 2);","  var width = Math.floor((process.stdout.columns - 3) / 2);","  var lhalf = Math.ceil(commands.length / 2);","  var padding = commands.length % 2 === 1 ? 1 : 0;","  for (var i = 0; i < lhalf; ++i) {","    var colA = pad(chop(commands[i], width), width);","    var colB = pad(chop(commands[half + i + padding] || '', width), width);","    var line = i === lhalf - 1 ? '' : '\\n';","    result += ' ' + colA + ' ' + colB + line;","  }","","  return result;","};"],"l":{"3":1,"5":1,"7":1,"8":0,"9":0,"10":0,"13":1,"14":0,"15":0,"17":0,"18":0,"19":0,"20":0,"21":0,"23":0,"24":0,"25":0,"26":0,"27":0,"28":0,"29":0,"30":0,"31":0,"34":0}},"/home/travis/build/npmtest/node-npmtest-cash/node_modules/cash/dist/util/pad.js":{"path":"/home/travis/build/npmtest/node-npmtest-cash/node_modules/cash/dist/util/pad.js","s":{"1":1,"2":1,"3":0,"4":0,"5":0,"6":0},"b":{"1":[0,0]},"f":{"1":0},"fnMap":{"1":{"name":"(anonymous_1)","line":17,"loc":{"start":{"line":17,"column":17},"end":{"line":17,"column":50}}}},"statementMap":{"1":{"start":{"line":3,"column":0},"end":{"line":3,"column":35}},"2":{"start":{"line":17,"column":0},"end":{"line":22,"column":2}},"3":{"start":{"line":18,"column":2},"end":{"line":18,"column":28}},"4":{"start":{"line":19,"column":2},"end":{"line":19,"column":31}},"5":{"start":{"line":20,"column":2},"end":{"line":20,"column":51}},"6":{"start":{"line":21,"column":2},"end":{"line":21,"column":46}}},"branchMap":{"1":{"line":19,"type":"binary-expr","locations":[{"start":{"line":19,"column":14},"end":{"line":19,"column":23}},{"start":{"line":19,"column":27},"end":{"line":19,"column":30}}]}},"code":["'use strict';","","var strip = require('./stripAnsi');","","/**"," * Pads a value with with space or"," * a specified delimiter to match a"," * given width."," *"," * @param {String} str"," * @param {Integer} width"," * @param {String} delimiter"," * @return {String}"," * @api public"," */","","module.exports = function (str, width, delimiter) {","  width = Math.floor(width);","  delimiter = delimiter || ' ';","  var len = Math.max(0, width - strip(str).length);","  return str + Array(len + 1).join(delimiter);","};"],"l":{"3":1,"17":1,"18":0,"19":0,"20":0,"21":0}},"/home/travis/build/npmtest/node-npmtest-cash/node_modules/cash/dist/util/stripAnsi.js":{"path":"/home/travis/build/npmtest/node-npmtest-cash/node_modules/cash/dist/util/stripAnsi.js","s":{"1":1,"2":0,"3":0},"b":{"1":[0,0]},"f":{"1":0},"fnMap":{"1":{"name":"(anonymous_1)","line":11,"loc":{"start":{"line":11,"column":17},"end":{"line":11,"column":32}}}},"statementMap":{"1":{"start":{"line":11,"column":0},"end":{"line":14,"column":2}},"2":{"start":{"line":12,"column":2},"end":{"line":12,"column":96}},"3":{"start":{"line":13,"column":2},"end":{"line":13,"column":68}}},"branchMap":{"1":{"line":13,"type":"cond-expr","locations":[{"start":{"line":13,"column":35},"end":{"line":13,"column":61}},{"start":{"line":13,"column":64},"end":{"line":13,"column":67}}]}},"code":["'use strict';","","/**"," * Removes all ansi characters."," *"," * @param {String} str"," * @return {String}"," * @api public"," */","","module.exports = function (str) {","  var ansiRegex = /[\\u001b\\u009b][[()#;?]*(?:[0-9]{1,4}(?:;[0-9]{0,4})*)?[0-9A-ORZcf-nqry=><]/g;","  return typeof str === 'string' ? str.replace(ansiRegex, '') : str;","};"],"l":{"11":1,"12":0,"13":0}},"/home/travis/build/npmtest/node-npmtest-cash/node_modules/cash/dist/util/interfacer.js":{"path":"/home/travis/build/npmtest/node-npmtest-cash/node_modules/cash/dist/util/interfacer.js","s":{"1":1,"2":0,"3":0,"4":0,"5":0,"6":0,"7":0,"8":0,"9":0,"10":0,"11":1,"12":0,"13":0,"14":0,"15":0,"16":0,"17":0},"b":{"1":[0,0],"2":[0,0],"3":[0,0],"4":[0,0],"5":[0,0],"6":[0,0]},"f":{"1":0,"2":0,"3":0,"4":0,"5":0},"fnMap":{"1":{"name":"(anonymous_1)","line":16,"loc":{"start":{"line":16,"column":17},"end":{"line":16,"column":32}}},"2":{"name":"(anonymous_2)","line":20,"loc":{"start":{"line":20,"column":33},"end":{"line":20,"column":45}}},"3":{"name":"exec","line":22,"loc":{"start":{"line":22,"column":10},"end":{"line":22,"column":26}}},"4":{"name":"log","line":26,"loc":{"start":{"line":26,"column":9},"end":{"line":26,"column":27}}},"5":{"name":"onResult","line":35,"loc":{"start":{"line":35,"column":2},"end":{"line":35,"col
[...]
r interfacer = require('./../util/interfacer');","var preparser = require('./../preparser');","","var unalias = {","  exec: function exec(args, options) {","    var _this = this;","","    args = args;","    options = options || {};","    var vorpal = options.vorpal;","","    if (!vorpal) {","      /* istanbul ignore next */","      throw new Error('Unalias is not programatically supported.');","    }","","    vorpal._aliases = vorpal._aliases || [];","","    if (typeof args === 'string' || args instanceof String) {","      args = String(args).split(' ');","      args = args.filter(function (str) {","        return String(str).trim() !== '';","      });","    }","","    // Validate no input with help.","    if ((args === undefined || args.length < 1 || args === '') && !options.a) {","      this.log('unalias: usage: unalias [-a] name [name ...]');","      return 1;","    }","","    // Pull list of aliases","    var all = undefined;","    try {","      all = JSON.parse(vorpal.localStorage.getItem('aliases') || []);","    } catch (e) {","      /* istanbul ignore next */","      all = [];","      /* istanbul ignore next */","      vorpal.localStorage.removeItem('aliases');","    }","","    if (options.a) {","      args = all;","    }","","    // Remove each alias in the list.","","    var _loop = function _loop(i) {","      var key = args[i];","      var item = vorpal.localStorage.getItem('alias|' + key);","      if (item !== undefined && item !== null) {","        vorpal.localStorage.removeItem('alias|' + key);","      } else {","        _this.log('-cash: unalias: ' + key + ': not found');","      }","      all = all.filter(function (str) {","        return !(str === key);","      });","    };","","    for (var i = 0; i < args.length; ++i) {","      _loop(i);","    }","","    // Rebuild alias lists.","    var aliases = {};","    /* istanbul ignore next */","    for (var i = 0; i < all.length; ++i) {","      var item = vorpal.localStorage.getItem('alias|' + all[i]);","      if (item !== undefined && item !== null) {","        aliases[all[i]] = item;","      }","    }","    vorpal._aliases = aliases;","","    vorpal.localStorage.setItem('aliases', JSON.stringify(all));","    return 0;","  }","};","","module.exports = function (vorpal) {","  if (vorpal === undefined) {","    return unalias;","  }","  vorpal.api.unalias = unalias;","  vorpal.command('unalias [name...]').parse(preparser).option('-a', 'remove all alias definitions').action(function (args, callback) {","    args.options = args.options || {};","    args.options.vorpal = vorpal;","    return interfacer.call(this, {","      command: unalias,","      args: args.name,","      options: args.options,","      callback: callback","    });","  });","};"],"l":{"3":1,"4":1,"6":1,"8":0,"10":0,"11":0,"12":0,"14":0,"16":1,"19":0,"21":0,"22":0,"23":0,"24":0,"29":0,"30":0,"31":0,"35":0,"36":0,"37":0,"40":1,"42":1,"45":0,"46":0,"51":0,"52":0,"53":0,"54":0,"55":0,"57":0,"59":0,"60":0,"64":0,"65":0,"69":0,"71":1,"72":1,"73":1,"74":1,"77":0,"79":0,"80":0,"84":1,"85":1,"86":0,"88":1,"89":1,"90":0,"91":0,"92":0}},"/home/travis/build/npmtest/node-npmtest-cash/node_modules/cash/dist/help/unalias.js":{"path":"/home/travis/build/npmtest/node-npmtest-cash/node_modules/cash/dist/help/unalias.js","s":{"1":1},"b":{},"f":{},"fnMap":{},"statementMap":{"1":{"start":{"line":3,"column":0},"end":{"line":3,"column":369}}},"branchMap":{},"code":["\"use strict\";","","module.exports = \"\\nUsage: unalias [OPTION] name ...\\nRemove each name from the list of defined aliases.\\n\\n  -a           remove all alias definitions\\n      --help   display this help and exit\\n\\nExit status:\\n  0   if OK,\\n  1   if a name is not an existing alias.\\n\\nReport unalias bugs to <https://github.com/dthree/cash>\\nCash home page: <http://cash.js.org/>\\n\";"],"l":{"3":1}},"/home/travis/build/npmtest/node-npmtest-cash/node_modules/cash/dist/windows.js":{"path":"/home/travis/build/npmtest/node-npmtest-cash/node_modules/cash/dist/windows.js","s":{"1":1,"2":1,"3":1,"4":1,"5":1,"6":0,"7":0,"8":0,"9":0,"10":0,"11":0,"12":0,"13":0,"14":0,"15":0,"16":0,"17":0,"18":0,"19":0,"20":0,"21":0,"22":0,"23":0,"24":0,"25":0,"26":0,"27":0,"28":0,"29":0,"30":0,"31":0,"32":0,"33":0,"34":0,"35":0,"36":0,"37":0,"38":0,"39":0,"40":0,"41":0,"42":0,"43":0,"44":0,"45":0,"46":0,"47":0,"48":1,"49":0,"50":0,"51":0,"52":0,"53":0,"54":0,"55":0,"56":0,"57":0,"58":0,"59":0,"60":0,"61":0,"62":0,"63":0,"64":0,"65":0,"66":0,"67":0,"68":0,"69":0,"70":0,"71":0,"72":0,"73":0,"74":0,"75":0,"76":0,"77":0,"78":0},"b":{"1":[0,0],"2":[0,0],"3":[0,0],"4":[0,0],"5":[0,0],"6":[0,0],"7":[0,0],"8":[0,0],"9":[0,0],"10":[0,0],"11":[0,0],"12":[0,0],"13":[0,0],"14":[0,0],"15":[0,0],"16":[0,0],"17":[0,0]},"f":{"1":1,"2":0,"3":0,"4":0,"5":0,"6":0,"7":0,"8":0,"9":0,"10":0,"11":0,"12":0,"13":0},"fnMap":{"1":{"name":"registerCommands","line":9,"loc":{"start":{"line":9,"column":20},"end":{"line":9,"column":52}}},"2":{"name":"(anonymous_2)","line":10,"loc":{"start":{"line":10,"column":61},"end":{"line":10,"column":78}}},"3":{"name":"(anonymous_3)","line":22,"loc":{"start":{"line":22,"column":20},"end":{"line":22,"column":32}}},"4":{"name":"(anonymous_4)","line":24,"loc":{"start":{"line":24,"column":38},"end":{"line":24,"column":51}},"skip":true},"5":{"name":"(anonymous_5)","line":27,"loc":{"start":{"line":27,"column":14},"end":{"line":27,"column":34}}},"6":{"name":"(anonymous_6)","line":28,"loc":{"start":{"line":28,"column":17},"end":{"line":28,"column":29}}},"7":{"name":"print","line":84,"loc":{"start":{"line":84,"column":6},"end":{"line":84,"column":23}}},"8":{"name":"(anonymous_8)","line":94,"loc":{"start":{"line":94,"column":21},"end":{"line":94,"column":33}},"skip":true},"9":{"name":"(anonymous_9)","line":108,"loc":{"start":{"line":108,"column":29},"end":{"line":108,"column":45}},"skip":true},"10":{"name":"(anonymous_10)","line":113,"loc":{"start":{"line":113,"column":29},"end":{"line":113,"column":45}},"skip":true},"11":{"name":"(anonymous_11)","line":122,"loc":{"start":{"line":122,"column":23},"end":{"line":122,"column":35}}},"12":{"name":"(anonymous_12)","line":132,"loc":{"start":{"line":132,"column":19},"end":{"line":132,"column":31}},"skip":true},"13":{"name":"(anonymous_13)","line":137,"loc":{"start":{"line":137,"column":23},"end":{"line":137,"column":39}}}},"statementMap":{"1":{"start":{"line":3,"column":0},"end":{"line":3,"column":23}},"2":{"start":{"line":4,"column":0},"end":{"line":4,"column":40}},"3":{"start":{"line":6,"column":0},"end":{"line":6,"column":65}},"4":{"start":{"line":8,"column":0},"end":{"line":142,"column":2}},"5":{"start":{"line":10,"column":4},"end":{"line":140,"column":7}},"6":{"start":{"line":13,"column":6},"end":{"line":13,"column":43}},"7":{"start":{"line":14,"column":6},"end":{"line":14,"column":32}},"8":{"start":{"line":15,"column":6},"end":{"line":15,"column":22}},"9":{"start":{"line":16,"column":6},"end":{"line":16,"column":52}},"10":{"start":{"line":17,"column":6},"end":{"line":20,"column":7}},"11":{"start":{"line":19,"column":8},"end":{"line":19,"column":50},"skip":true},"12":{"start":{"line":21,"column":6},"end":{"line":21,"column":17}},"13":{"start":{"line":24,"column":6},"end":{"line":26,"column":9},"skip":true},"14":{"start":{"line":25,"column":8},"end":{"line":25,"column":23},"skip":true},"15":{"start":{"line":28,"column":6},"end":{"line":28,"column":32}},"16":{"start":{"line":29,"column":6},"end":{"line":29,"column":49}},"17":{"start":{"line":30,"column":6},"end":{"line":30,"column":21}},"18":{"start":{"line":32,"column":6},"end":{"line":32,"column":39}},"19":{"start":{"line":33,"column":6},"end":{"line":33,"column":28}},"20":{"start":{"line":35,"column":6},"end":{"line":35,"column":26}},"21":{"start":{"line":38,"column":6},"end":{"line":54,"column":7},"skip":true},"22":{"start":{"line":39,"column":8},"end":{"line":39,"column":29},"skip":true},"23":{"start":{"line":40,"column":8},"end":{"line":46,"column":9},"skip":true},"24":{"start":{"line":41,"column":10},"end":{"line":45,"column":11},"skip":true},"25":{"start":{"line":42,"column":12},"end":{"line":42,"column":28},"skip":true},"26":{"start":{"line":43,"column":12},"end":{"line":43,"column":28},"skip":true},"27":{"start":{"line":44,"column":12},"end":{"line":44,"column":30},"skip":true},"28":{"start":{"line":48,"column":8},"end":{"line":53,"column":9},"skip":true},"29":{"start":{"line":49,"column":10},"end":{"line":49,"column":39},"skip":true},"30":{"start":{"line":50,"column":10},"end":{"line":50,"column":30},"skip":true},"31":{"start":{"line":51,"column":10},"end":{"line":51,"column":24},"skip":true},"32":{"start":{"line":52,"column":10},"end":{"line":52,"column":69},"skip":true},"33":{"start":{"line":57,"column":6},"end":{"line":60,"column":7}},"34":{"start":{"line":58,"column":8},"end":{"line":58,"column":21}},"35":{"start":{"line":59,"column":8},"end":{"line":59,"column":23}},"36":{"start":{"line":62,"column":6},"end":{"line":66,"column":7}},"37":{"start":{"line":63,"column":8},"end":{"line":63,"column":19}},"38":{"start":{"line":64,"column":8},"end":{"line":64,"column":13}},"39":{"start":{"line":65,"column":8},"end":{"line":65,"column":15}},"40":{"start":{"line":68,"column":6},"end":{"line":68,"column":25}},"41":{"start":{"line":69,"column":6},"end":{"line":69,"column":26}},"42":{"start":{"line":70,"column":6},"end":{"line":70,"column":27}},"43":{"start":{"line":71,"column":6},"end":{"line":71,"column":19}},"44":{"start":{"line":72,"column":6},"end":{"line":77,"column":7}},"45":{"start":{"line":73,"column":8},"end":{"line":73,"column":35}},"46":{"start":{"line":76,"column":8},"end":{"line":76,"column":19},"skip":true},"47":{"start":{"line":79,"column":6},"end":{"line":79,"column":25}},"48":{"start":{"line":84,"column":6},"end":{"line":98,"column":7}},"49":{"start":{"line":85,"column":8},"end":{"line":85,"column":44}},"50":{"start":{"line":87,"column":8},"end":{"line":91,"column":9},"skip":true},"51":{"start":{"line":88,"column":10},"end":{"line":88,"column":28},"skip":true},"52":{"start":{"line":89,"column":10},"end":{"line":89,"column":72},"skip":true},"53":{"start":{"line":90,"column":10},"end":{"line":90,"column":27},"skip":true},"54":{"start":{"line":93,"column":8},"end":{"line":97,"column":9},"skip":true},"55":{"start":{"line":94,"column":10},"end":{"line":96,"column":17},"skip":true},"56":{"start":{"line":95,"column":12},"end":{"line":95,"column":20},"skip":true},"57":{"start":{"line":99,"column":6},"end":{"line":99,"column":14}},"58":{"start":{"line":104,"column":6},"end":{"line":104,"column":34}},"59":{"start":{"line":105,"column":6},"end":{"line":105,"column":88}},"60":{"start":{"line":108,"column":6},"end":{"line":110,"column":9},"skip":true},"61":{"start":{"line":109,"column":8},"end":{"line":109,"column":37},"skip":true},"62":{"start":{"line":113,"column":6},"end":{"line":120,"column":9},"skip":true},"63":{"start":{"line":114,"column":8},"end":{"line":114,"column":40},"skip":true},"64":{"start":{"line":115,"column":8},"end":{"line":118,"column":9},"skip":true},"65":{"start":{"line":116,"column":10},"end":{"line":116,"column":33},"skip":true},"66":{"start":{"line":117,"column":10},"end":{"line":117,"column":17},"skip":true},"67":{"start":{"line":119,"column":8},"end":{"line":119,"column":19},"skip":true},"68":{"start":{"line":122,"column":6},"end":{"line":135,"column":9}},"69":{"start":{"line":123,"column":8},"end":{"line":123,"column":22}},"70":{"start":{"line":124,"column":8},"end":{"line":127,"column":9}},"71":{"start":{"line":125,"column":10},"end":{"line":125,"column":54}},"72":{"start":{"line":126,"column":10},"end":{"line":126,"column":19}},"73":{"start":{"line":128,"column":8},"end":{"line":130,"column":9}},"74":{"start":{"line":129,"column":10},"end":{"line":129,"column":21}},"75":{"start":{"line":132,"column":8},"end":{"line":134,"column":16},"skip":true},"76":{"start":{"line":133,"column":10},"end":{"line":133,"column":15},"skip":true},"77":{"start":{"line":137,"column":6},"end":{"line":139,"column":9}},"78":{"start":{"line":138,"column":8},"end":{"line":138,"column":37}}},"branchMap":{"1":{"line":17,"type":"if","locations":[{"start":{"line":17,"column":6},"end":{"line":17,"column":6}},{"start":{"line":17,"column":6},"end":{"line":17,"column":6}}]},"2":{"line":17,"type":"binary-expr","locations":[{"start":{"line":17,"column":10},"end":{"line":17,"column":30}},{"start":{"line":17,"column":34},"end":{"line":17,"column":45}}]},"3":{"line":28,"type":"binary-expr","locations":[{"start":{"line":28,"column":11},"end":{"line":28,"column":13}},{"start":{"line":28,"column":17},"end":{"line":28,"column":31}}]},"4":{"line":38,"type":"if","locations":[{"start":{"line":38,"column":6},"end":{"line":38,"column":6},"skip":true},{"start":{"line":38,"column":6},"end":{"line":38,"column":6},"skip":true}]},"5":{"line":41,"type":"if","locations":[{"start":{"line":41,"column":10},"end":{"line":41,"column":10},"skip":true},{"start":{"line":41,"column":10},"end":{"line":41,"column":10},"skip":true}]},"6":{"line":48,"type":"if","locations":[{"start":{"line":48,"column":8},"end":{"line":48,"column":8},"skip":true},{"start":{"line":48,"column":8},"end":{"line":48,"column":8},"skip":true}]},"7":{"line":52,"type":"cond-expr","locations":[{"start":{"line":52,"column":58},"end":{"line":52,"column":60},"skip":true},{"start":{"line":52,"column":63},"end":{"line":52,"column":68},"skip":true}]},"8":{"line":52,"type":"binary-expr","locations":[{"start":{"line":52,"column":18},"end":{"line":52,"column":36},"skip":true},{"start":{"line":52,"column":40},"end":{"line":52,"column":55},"skip":true}]},"9":{"line":57,"type":"if","locations":[{"start":{"line":57,"column":6},"end":{"line":57,"column":6}},{"start":{"line":57,"column":6},"end":{"line":57,"column":6}}]},"10":{"line":62,"type":"if","locations":[{"start":{"line":62,"column":6},"end":{"line":62,"column":6}},{"start":{"line":62,"column":6},"end":{"line":62,"column":6}}]},"11":{"line":62,"type":"binary-expr","locations":[{"start":{"line":62,"column":10},"end":{"line":62,"column":27}},{"start":{"line":62,"column":31},"end":{"line":62,"column":50}}]},"12":{"line":87,"type":"if","locations":[{"start":{"line":87,"column":8},"end":{"line":87,"column":8},"skip":true},{"start":{"line":87,"column":8},"end":{"line":87,"column":8},"skip":true}]},"13":{"line":93,"type":"if","locations":[{"start":{"line":93,"column":8},"end":{"line":93,"column":8},"skip":true},{"start":{"line":93,"column":8},"end":{"line":93,"column":8},"skip":true}]},"14":{"line":115,"type":"if","locations":[{"start":{"line":115,"column":8},"end":{"line":115,"column":8},"skip":true},{"start":{"line":115,"column":8},"end":{"line":115,"column":8},"skip":true}]},"15":{"line":115,"type":"binary-expr","locations":[{"start":{"line":115,"column":12},"end":{"line":115,"column":19},"skip":true},{"start":{"line":115,"column":23},"end":{"line":115,"column":61},"skip":true}]},"16":{"line":124,"type":"if","locations":[{"start":{"line":124,"column":8},"end":{"line":124,"column":8}},{"start":{"line":124,"column":8},"end":{"line":124,"column":8}}]},"17":{"line":128,"type":"if","locations":[{"start":{"line":128,"column":8},"end":{"line":128,"column":8}},{"start":{"line":128,"column":8},"end":{"line":128,"column":8}}]}},"code":["'use strict';","","var os = require('os');","var windows = os.platform() === 'win32';","","var exclusions = require('./../commands.json').windowsExclusions;","","module.exports = {","  registerCommands: function registerCommands(self) {","    self.vorpal.catch('[words...]', 'Catches content').parse(function (input) {","      // Look for aliases and translate them.","      // Makes cash.alias and cash.unalias work.","      var parts = String(input).split(' ');","      var first = parts.shift();","      var out = input;","      var translation = self.vorpal._aliases[first];","      if (self.vorpal._aliases && translation) {","        /* istanbul ignore next */","        out = translation + ' ' + parts.join(' ');","      }","      return out;","    }).autocomplete(function () {","      /* istanbul ignore next */","      return self.vorpal.commands.map(function (c) {","        return c._name;","      });","    }).action(function (args, cb) {","      cb = cb || function () {};","      var spawn = require('child_process').spawn;","      var slf = this;","","      var words = args.words.join(' ');","      var argus = undefined;","","      var cmd = undefined;","      // Only register commands if on Windows.","      /* istanbul ignore next */","      if (windows) {","        var excluded = false;","        for (var i = 0; i < exclusions.length; ++i) {","          if (String(words.slice(0, exclusions[i].length)).toLowerCase() === exclusions[i].toLowerCase()) {","            excluded = true;","            cmd = undefined;","            argus = undefined;","          }","        }","","        if (!excluded) {","          var parts = words.split(' ');","          cmd = parts.shift();","          argus = parts;","          argus = argus.length === 1 && argus[0] === '' ? [] : argus;","        }","      }","","      // Accommodate tests for Linux.","      if (words === 'cash-test') {","        cmd = 'echo';","        argus = ['hi'];","      }","","      if (cmd === undefined || argus === undefined) {","        slf.help();","        cb();","        return;","      }","","      argus.unshift(cmd);","      argus.unshift('/C');","      var proc = undefined;","      var out = '';","      try {","        proc = spawn('cmd', argus);","      } catch (e) {","        /* istanbul ignore next */","        slf.log(e);","      }","","      var closed = false;","","      // Properly print stdout as it's fed,","      // waiting for line breaks before sending","      // it to Vorpal.","      function print() {","        var parts = String(out).split('\\n');","        /* istanbul ignore next */","        if (parts.length > 1) {","          out = parts.pop();","          var logging = String(parts.join('\\n')).replace(/\\r\\r/g, '\\r');","          slf.log(logging);","        }","        /* istanbul ignore next */","        if (closed === false) {","          setTimeout(function () {","            print();","          }, 50);","        }","      }","      print();","","      // See if we get a Windows help on an","      // invalid command and instead throw","      // Cash help.","      var windowsHelpFlag = false;","      var windowsCommandReject = 'is not recognized as an internal or external command';","","      /* istanbul ignore next */","      proc.stdout.on('data', function (data) {","        out += data.toString('utf8');","      });","","      /* istanbul ignore next */","      proc.stderr.on('data', function (data) {","        var str = data.toString('utf8');","        if (windows && str.indexOf(windowsCommandReject) > -1) {","          windowsHelpFlag = true;","          return;","        }","        out += str;","      });","","      proc.on('close', function () {","        closed = true;","        if (String(out).trim() !== '') {","          slf.log(String(out).replace(/\\r\\r/g, '\\r'));","          out = '';","        }","        if (windowsHelpFlag) {","          slf.help();","        }","        /* istanbul ignore next */","        setTimeout(function () {","          cb();","        }, 150);","      });","","      proc.on('error', function (data) {","        out += data.toString('utf8');","      });","    });","  }","};"],"l":{"3":1,"4":1,"6":1,"8":1,"10":1,"13":0,"14":0,"15":0,"16":0,"17":0,"19":1,"21":0,"24":1,"25":1,"28":0,"29":0,"30":0,"32":0,"33":0,"35":0,"38":1,"39":1,"40":1,"41":1,"42":1,"43":1,"44":1,"48":1,"49":1,"50":1,"51":1,"52":1,"57":0,"58":0,"59":0,"62":0,"63":0,"64":0,"65":0,"68":0,"69":0,"70":0,"71":0,"72":0,"73":0,"76":1,"79":0,"84":1,"85":0,"87":1,"88":1,"89":1,"90":1,"93":1,"94":1,"95":1,"99":0,"104":0,"105":0,"108":1,"109":1,"113":1,"114":1,"115":1,"116":1,"117":1,"119":1,"122":0,"123":0,"124":0,"125":0,"126":0,"128":0,"129":0,"132":1,"133":1,"137":0,"138":0}}}